<?xml version="1.0" encoding="UTF-8"?>
<!-- Generated by org.testng.reporters.JUnitXMLReporter -->
<testsuite ignored="0" hostname="begade-Latitude-E7450" failures="9" tests="92" name="Surefire test" time="25.456" errors="0" timestamp="2024-01-25T19:53:55 WAT">
  <testcase classname="com.example.TestCases" name="test_a_proche_zero_positif_b_proche_zero_positif_c_normal_negatif on test_a_proche_zero_positif_b_proche_zero_positif_c_normal_negatif(com.example.TestCases)" time="0.052"/>
  <testcase classname="com.example.TestCases" name="test_a_tres_proche_zero_negatif_b_null_c_proche_zero_negatif on test_a_tres_proche_zero_negatif_b_null_c_proche_zero_negatif(com.example.TestCases)" time="0.13"/>
  <testcase classname="com.example.TestCases" name="test_a_tres_proche_zero_negatif_b_tres_proche_zero_positif_c_tres_proche_zero_positif on test_a_tres_proche_zero_negatif_b_tres_proche_zero_positif_c_tres_proche_zero_positif(com.example.TestCases)" time="0.138"/>
  <testcase classname="com.example.TestCases" name="test_a_normal_negatif_b_normal_negatif_c_tres_proche_zero_negatif on test_a_normal_negatif_b_normal_negatif_c_tres_proche_zero_negatif(com.example.TestCases)" time="0.14"/>
  <testcase classname="com.example.TestCases" name="test_a_proche_zero_negatif_b_negatif_tres_grand_c_null on test_a_proche_zero_negatif_b_negatif_tres_grand_c_null(com.example.TestCases)" time="0.142"/>
  <testcase classname="com.example.TestCases" name="test_a_null_b_tres_proche_zero_negatif_c_normal_positif on test_a_null_b_tres_proche_zero_negatif_c_normal_positif(com.example.TestCases)" time="0.145">
    <failure type="org.junit.internal.ArrayComparisonFailure" message="arrays first differed at element [0]; expected:&amp;lt;2.2310431465357116E8&amp;gt; but was:&amp;lt;4.482208251116821E-9&amp;gt;">
      <![CDATA[arrays first differed at element [0]; expected:<2.2310431465357116E8> but was:<4.482208251116821E-9>
at org.junit.internal.ComparisonCriteria.arrayEquals(ComparisonCriteria.java:50)
at org.junit.Assert.assertArrayEquals(Assert.java:419)
at org.junit.Assert.assertArrayEquals(Assert.java:430)
at com.example.TestCases.test_a_null_b_tres_proche_zero_negatif_c_normal_positif(TestCases.java:200)
at org.junit.runners.model.FrameworkMethod$1.runReflectiveCall(FrameworkMethod.java:47)
at org.junit.internal.runners.model.ReflectiveCallable.run(ReflectiveCallable.java:12)
at org.junit.runners.model.FrameworkMethod.invokeExplosively(FrameworkMethod.java:44)
at org.junit.internal.runners.statements.InvokeMethod.evaluate(InvokeMethod.java:17)
at org.junit.runners.ParentRunner.runLeaf(ParentRunner.java:271)
at org.junit.runners.BlockJUnit4ClassRunner.runChild(BlockJUnit4ClassRunner.java:70)
at org.junit.runners.BlockJUnit4ClassRunner.runChild(BlockJUnit4ClassRunner.java:50)
at org.junit.runners.ParentRunner$3.run(ParentRunner.java:238)
at org.junit.runners.ParentRunner$1.schedule(ParentRunner.java:63)
at org.junit.runners.ParentRunner.runChildren(ParentRunner.java:236)
at org.junit.runners.ParentRunner.access$000(ParentRunner.java:53)
at org.junit.runners.ParentRunner$2.evaluate(ParentRunner.java:229)
at org.junit.runners.ParentRunner.run(ParentRunner.java:309)
at org.junit.runner.JUnitCore.run(JUnitCore.java:160)
at org.junit.runner.JUnitCore.run(JUnitCore.java:138)
at java.base/java.util.ArrayList.forEach(ArrayList.java:1511)
... Removed 28 stack frames]]>
    </failure>
  </testcase> <!-- test_a_null_b_tres_proche_zero_negatif_c_normal_positif on test_a_null_b_tres_proche_zero_negatif_c_normal_positif(com.example.TestCases) -->
  <testcase classname="com.example.TestCases" name="test_a_positif_tres_grand_b_proche_zero_negatif_c_tres_proche_zero_negatif on test_a_positif_tres_grand_b_proche_zero_negatif_c_tres_proche_zero_negatif(com.example.TestCases)" time="0.179"/>
  <testcase classname="com.example.TestCases" name="test_a_tres_proche_zero_negatif_b_proche_zero_negatif_c_proche_zero_positif on test_a_tres_proche_zero_negatif_b_proche_zero_negatif_c_proche_zero_positif(com.example.TestCases)" time="0.181"/>
  <testcase classname="com.example.TestCases" name="test_a_negatif_tres_grand_b_proche_zero_negatif_c_tres_proche_zero_positif on test_a_negatif_tres_grand_b_proche_zero_negatif_c_tres_proche_zero_positif(com.example.TestCases)" time="0.181"/>
  <testcase classname="com.example.TestCases" name="test_a_positif_tres_grand_b_normal_positif_c_negatif_tres_grand on test_a_positif_tres_grand_b_normal_positif_c_negatif_tres_grand(com.example.TestCases)" time="0.183"/>
  <testcase classname="com.example.TestCases" name="test_a_tres_proche_zero_negatif_b_proche_zero_positif_c_tres_proche_zero_negatif on test_a_tres_proche_zero_negatif_b_proche_zero_positif_c_tres_proche_zero_negatif(com.example.TestCases)" time="0.185"/>
  <testcase classname="com.example.TestCases" name="test_a_normal_positif_b_tres_proche_zero_positif_c_negatif_tres_grand on test_a_normal_positif_b_tres_proche_zero_positif_c_negatif_tres_grand(com.example.TestCases)" time="0.185"/>
  <testcase classname="com.example.TestCases" name="test_a_normal_positif_b_positif_tres_grand_c_normal_positif on test_a_normal_positif_b_positif_tres_grand_c_normal_positif(com.example.TestCases)" time="0.187"/>
  <testcase classname="com.example.TestCases" name="test_a_proche_zero_negatif_b_proche_zero_negatif_c_normal_positif on test_a_proche_zero_negatif_b_proche_zero_negatif_c_normal_positif(com.example.TestCases)" time="0.187"/>
  <testcase classname="com.example.TestCases" name="test_a_negatif_tres_grand_b_tres_proche_zero_positif_c_null on test_a_negatif_tres_grand_b_tres_proche_zero_positif_c_null(com.example.TestCases)" time="0.189"/>
  <testcase classname="com.example.TestCases" name="test_a_null_b_tres_proche_zero_positif_c_normal_negatif on test_a_null_b_tres_proche_zero_positif_c_normal_negatif(com.example.TestCases)" time="0.194">
    <failure type="org.junit.internal.ArrayComparisonFailure" message="arrays first differed at element [0]; expected:&amp;lt;5.002003811009967E8&amp;gt; but was:&amp;lt;1.9991987966880167E-9&amp;gt;">
      <![CDATA[arrays first differed at element [0]; expected:<5.002003811009967E8> but was:<1.9991987966880167E-9>
at org.junit.internal.ComparisonCriteria.arrayEquals(ComparisonCriteria.java:50)
at org.junit.Assert.assertArrayEquals(Assert.java:419)
at org.junit.Assert.assertArrayEquals(Assert.java:430)
at com.example.TestCases.test_a_null_b_tres_proche_zero_positif_c_normal_negatif(TestCases.java:256)
at org.junit.runners.model.FrameworkMethod$1.runReflectiveCall(FrameworkMethod.java:47)
at org.junit.internal.runners.model.ReflectiveCallable.run(ReflectiveCallable.java:12)
at org.junit.runners.model.FrameworkMethod.invokeExplosively(FrameworkMethod.java:44)
at org.junit.internal.runners.statements.InvokeMethod.evaluate(InvokeMethod.java:17)
at org.junit.runners.ParentRunner.runLeaf(ParentRunner.java:271)
at org.junit.runners.BlockJUnit4ClassRunner.runChild(BlockJUnit4ClassRunner.java:70)
at org.junit.runners.BlockJUnit4ClassRunner.runChild(BlockJUnit4ClassRunner.java:50)
at org.junit.runners.ParentRunner$3.run(ParentRunner.java:238)
at org.junit.runners.ParentRunner$1.schedule(ParentRunner.java:63)
at org.junit.runners.ParentRunner.runChildren(ParentRunner.java:236)
at org.junit.runners.ParentRunner.access$000(ParentRunner.java:53)
at org.junit.runners.ParentRunner$2.evaluate(ParentRunner.java:229)
at org.junit.runners.ParentRunner.run(ParentRunner.java:309)
at org.junit.runner.JUnitCore.run(JUnitCore.java:160)
at org.junit.runner.JUnitCore.run(JUnitCore.java:138)
at java.base/java.util.ArrayList.forEach(ArrayList.java:1511)
... Removed 28 stack frames]]>
    </failure>
  </testcase> <!-- test_a_null_b_tres_proche_zero_positif_c_normal_negatif on test_a_null_b_tres_proche_zero_positif_c_normal_negatif(com.example.TestCases) -->
  <testcase classname="com.example.TestCases" name="test_a_normal_positif_b_proche_zero_negatif_c_proche_zero_negatif on test_a_normal_positif_b_proche_zero_negatif_c_proche_zero_negatif(com.example.TestCases)" time="0.209"/>
  <testcase classname="com.example.TestCases" name="test_a_null_b_proche_zero_negatif_c_tres_proche_zero_negatif on test_a_null_b_proche_zero_negatif_c_tres_proche_zero_negatif(com.example.TestCases)" time="0.213">
    <failure type="org.junit.internal.ArrayComparisonFailure" message="arrays first differed at element [0]; expected:&amp;lt;-3.2342246428459196E-7&amp;gt; but was:&amp;lt;-3091931.174947889&amp;gt;">
      <![CDATA[arrays first differed at element [0]; expected:<-3.2342246428459196E-7> but was:<-3091931.174947889>
at org.junit.internal.ComparisonCriteria.arrayEquals(ComparisonCriteria.java:50)
at org.junit.Assert.assertArrayEquals(Assert.java:419)
at org.junit.Assert.assertArrayEquals(Assert.java:430)
at com.example.TestCases.test_a_null_b_proche_zero_negatif_c_tres_proche_zero_negatif(TestCases.java:216)
at org.junit.runners.model.FrameworkMethod$1.runReflectiveCall(FrameworkMethod.java:47)
at org.junit.internal.runners.model.ReflectiveCallable.run(ReflectiveCallable.java:12)
at org.junit.runners.model.FrameworkMethod.invokeExplosively(FrameworkMethod.java:44)
at org.junit.internal.runners.statements.InvokeMethod.evaluate(InvokeMethod.java:17)
at org.junit.runners.ParentRunner.runLeaf(ParentRunner.java:271)
at org.junit.runners.BlockJUnit4ClassRunner.runChild(BlockJUnit4ClassRunner.java:70)
at org.junit.runners.BlockJUnit4ClassRunner.runChild(BlockJUnit4ClassRunner.java:50)
at org.junit.runners.ParentRunner$3.run(ParentRunner.java:238)
at org.junit.runners.ParentRunner$1.schedule(ParentRunner.java:63)
at org.junit.runners.ParentRunner.runChildren(ParentRunner.java:236)
at org.junit.runners.ParentRunner.access$000(ParentRunner.java:53)
at org.junit.runners.ParentRunner$2.evaluate(ParentRunner.java:229)
at org.junit.runners.ParentRunner.run(ParentRunner.java:309)
at org.junit.runner.JUnitCore.run(JUnitCore.java:160)
at org.junit.runner.JUnitCore.run(JUnitCore.java:138)
at java.base/java.util.ArrayList.forEach(ArrayList.java:1511)
... Removed 28 stack frames]]>
    </failure>
  </testcase> <!-- test_a_null_b_proche_zero_negatif_c_tres_proche_zero_negatif on test_a_null_b_proche_zero_negatif_c_tres_proche_zero_negatif(com.example.TestCases) -->
  <testcase classname="com.example.TestCases" name="test_a_normal_positif_b_tres_proche_zero_negatif_c_tres_proche_zero_negatif on test_a_normal_positif_b_tres_proche_zero_negatif_c_tres_proche_zero_negatif(com.example.TestCases)" time="0.217"/>
  <testcase classname="com.example.TestCases" name="test_a_negatif_tres_grand_b_negatif_tres_grand_c_normal_negatif on test_a_negatif_tres_grand_b_negatif_tres_grand_c_normal_negatif(com.example.TestCases)" time="0.22"/>
  <testcase classname="com.example.TestCases" name="test_a_proche_zero_negatif_b_normal_negatif_c_negatif_tres_grand on test_a_proche_zero_negatif_b_normal_negatif_c_negatif_tres_grand(com.example.TestCases)" time="0.222"/>
  <testcase classname="com.example.TestCases" name="test_a_proche_zero_positif_b_negatif_tres_grand_c_negatif_tres_grand on test_a_proche_zero_positif_b_negatif_tres_grand_c_negatif_tres_grand(com.example.TestCases)" time="0.226"/>
  <testcase classname="com.example.TestCases" name="test_a_null_b_normal_positif_c_proche_zero_positif on test_a_null_b_normal_positif_c_proche_zero_positif(com.example.TestCases)" time="0.228">
    <failure type="org.junit.internal.ArrayComparisonFailure" message="arrays first differed at element [0]; expected:&amp;lt;-0.004638477876619339&amp;gt; but was:&amp;lt;-215.58796368105777&amp;gt;">
      <![CDATA[arrays first differed at element [0]; expected:<-0.004638477876619339> but was:<-215.58796368105777>
at org.junit.internal.ComparisonCriteria.arrayEquals(ComparisonCriteria.java:50)
at org.junit.Assert.assertArrayEquals(Assert.java:419)
at org.junit.Assert.assertArrayEquals(Assert.java:430)
at com.example.TestCases.test_a_null_b_normal_positif_c_proche_zero_positif(TestCases.java:224)
at org.junit.runners.model.FrameworkMethod$1.runReflectiveCall(FrameworkMethod.java:47)
at org.junit.internal.runners.model.ReflectiveCallable.run(ReflectiveCallable.java:12)
at org.junit.runners.model.FrameworkMethod.invokeExplosively(FrameworkMethod.java:44)
at org.junit.internal.runners.statements.InvokeMethod.evaluate(InvokeMethod.java:17)
at org.junit.runners.ParentRunner.runLeaf(ParentRunner.java:271)
at org.junit.runners.BlockJUnit4ClassRunner.runChild(BlockJUnit4ClassRunner.java:70)
at org.junit.runners.BlockJUnit4ClassRunner.runChild(BlockJUnit4ClassRunner.java:50)
at org.junit.runners.ParentRunner$3.run(ParentRunner.java:238)
at org.junit.runners.ParentRunner$1.schedule(ParentRunner.java:63)
at org.junit.runners.ParentRunner.runChildren(ParentRunner.java:236)
at org.junit.runners.ParentRunner.access$000(ParentRunner.java:53)
at org.junit.runners.ParentRunner$2.evaluate(ParentRunner.java:229)
at org.junit.runners.ParentRunner.run(ParentRunner.java:309)
at org.junit.runner.JUnitCore.run(JUnitCore.java:160)
at org.junit.runner.JUnitCore.run(JUnitCore.java:138)
at java.base/java.util.ArrayList.forEach(ArrayList.java:1511)
... Removed 28 stack frames]]>
    </failure>
  </testcase> <!-- test_a_null_b_normal_positif_c_proche_zero_positif on test_a_null_b_normal_positif_c_proche_zero_positif(com.example.TestCases) -->
  <testcase classname="com.example.TestCases" name="test_a_negatif_tres_grand_b_normal_positif_c_tres_proche_zero_positif on test_a_negatif_tres_grand_b_normal_positif_c_tres_proche_zero_positif(com.example.TestCases)" time="0.231"/>
  <testcase classname="com.example.TestCases" name="test_a_normal_positif_b_proche_zero_positif_c_tres_proche_zero_positif on test_a_normal_positif_b_proche_zero_positif_c_tres_proche_zero_positif(com.example.TestCases)" time="0.232"/>
  <testcase classname="com.example.TestCases" name="test_a_tres_proche_zero_positif_b_proche_zero_positif_c_negatif_tres_grand on test_a_tres_proche_zero_positif_b_proche_zero_positif_c_negatif_tres_grand(com.example.TestCases)" time="0.233"/>
  <testcase classname="com.example.TestCases" name="test_a_positif_tres_grand_b_tres_proche_zero_negatif_c_proche_zero_negatif on test_a_positif_tres_grand_b_tres_proche_zero_negatif_c_proche_zero_negatif(com.example.TestCases)" time="0.235"/>
  <testcase classname="com.example.TestCases" name="test_a_proche_zero_negatif_b_null_c_proche_zero_positif on test_a_proche_zero_negatif_b_null_c_proche_zero_positif(com.example.TestCases)" time="0.236"/>
  <testcase classname="com.example.TestCases" name="test_a_proche_zero_negatif_b_tres_proche_zero_negatif_c_normal_negatif on test_a_proche_zero_negatif_b_tres_proche_zero_negatif_c_normal_negatif(com.example.TestCases)" time="0.237"/>
  <testcase classname="com.example.TestCases" name="test_a_positif_tres_grand_b_normal_negatif_c_normal_positif on test_a_positif_tres_grand_b_normal_negatif_c_normal_positif(com.example.TestCases)" time="0.237"/>
  <testcase classname="com.example.TestCases" name="test_a_proche_zero_positif_b_tres_proche_zero_positif_c_tres_proche_zero_negatif on test_a_proche_zero_positif_b_tres_proche_zero_positif_c_tres_proche_zero_negatif(com.example.TestCases)" time="0.239"/>
  <testcase classname="com.example.TestCases" name="test_a_positif_tres_grand_b_tres_proche_zero_negatif_c_null on test_a_positif_tres_grand_b_tres_proche_zero_negatif_c_null(com.example.TestCases)" time="0.24"/>
  <testcase classname="com.example.TestCases" name="test_a_normal_positif_b_normal_negatif_c_null on test_a_normal_positif_b_normal_negatif_c_null(com.example.TestCases)" time="0.242"/>
  <testcase classname="com.example.TestCases" name="test_a_proche_zero_positif_b_proche_zero_negatif_c_null on test_a_proche_zero_positif_b_proche_zero_negatif_c_null(com.example.TestCases)" time="0.242"/>
  <testcase classname="com.example.TestCases" name="test_a_negatif_tres_grand_b_null_c_tres_proche_zero_negatif on test_a_negatif_tres_grand_b_null_c_tres_proche_zero_negatif(com.example.TestCases)" time="0.243"/>
  <testcase classname="com.example.TestCases" name="test_a_proche_zero_negatif_b_positif_tres_grand_c_tres_proche_zero_negatif on test_a_proche_zero_negatif_b_positif_tres_grand_c_tres_proche_zero_negatif(com.example.TestCases)" time="0.245"/>
  <testcase classname="com.example.TestCases" name="test_a_tres_proche_zero_positif_b_normal_positif_c_tres_proche_zero_negatif on test_a_tres_proche_zero_positif_b_normal_positif_c_tres_proche_zero_negatif(com.example.TestCases)" time="0.247"/>
  <testcase classname="com.example.TestCases" name="test_a_tres_proche_zero_negatif_b_normal_negatif_c_proche_zero_negatif on test_a_tres_proche_zero_negatif_b_normal_negatif_c_proche_zero_negatif(com.example.TestCases)" time="0.251"/>
  <testcase classname="com.example.TestCases" name="test_a_positif_tres_grand_b_null_c_positif_tres_grand on test_a_positif_tres_grand_b_null_c_positif_tres_grand(com.example.TestCases)" time="0.255"/>
  <testcase classname="com.example.TestCases" name="test_a_null_b_positif_tres_grand_c_proche_zero_negatif on test_a_null_b_positif_tres_grand_c_proche_zero_negatif(com.example.TestCases)" time="0.257">
    <failure type="org.junit.internal.ArrayComparisonFailure" message="arrays first differed at element [0]; expected:&amp;lt;2.4466366339456265E-9&amp;gt; but was:&amp;lt;4.087243631218447E8&amp;gt;">
      <![CDATA[arrays first differed at element [0]; expected:<2.4466366339456265E-9> but was:<4.087243631218447E8>
at org.junit.internal.ComparisonCriteria.arrayEquals(ComparisonCriteria.java:50)
at org.junit.Assert.assertArrayEquals(Assert.java:419)
at org.junit.Assert.assertArrayEquals(Assert.java:430)
at com.example.TestCases.test_a_null_b_positif_tres_grand_c_proche_zero_negatif(TestCases.java:240)
at org.junit.runners.model.FrameworkMethod$1.runReflectiveCall(FrameworkMethod.java:47)
at org.junit.internal.runners.model.ReflectiveCallable.run(ReflectiveCallable.java:12)
at org.junit.runners.model.FrameworkMethod.invokeExplosively(FrameworkMethod.java:44)
at org.junit.internal.runners.statements.InvokeMethod.evaluate(InvokeMethod.java:17)
at org.junit.runners.ParentRunner.runLeaf(ParentRunner.java:271)
at org.junit.runners.BlockJUnit4ClassRunner.runChild(BlockJUnit4ClassRunner.java:70)
at org.junit.runners.BlockJUnit4ClassRunner.runChild(BlockJUnit4ClassRunner.java:50)
at org.junit.runners.ParentRunner$3.run(ParentRunner.java:238)
at org.junit.runners.ParentRunner$1.schedule(ParentRunner.java:63)
at org.junit.runners.ParentRunner.runChildren(ParentRunner.java:236)
at org.junit.runners.ParentRunner.access$000(ParentRunner.java:53)
at org.junit.runners.ParentRunner$2.evaluate(ParentRunner.java:229)
at org.junit.runners.ParentRunner.run(ParentRunner.java:309)
at org.junit.runner.JUnitCore.run(JUnitCore.java:160)
at org.junit.runner.JUnitCore.run(JUnitCore.java:138)
at java.base/java.util.ArrayList.forEach(ArrayList.java:1511)
... Removed 28 stack frames]]>
    </failure>
  </testcase> <!-- test_a_null_b_positif_tres_grand_c_proche_zero_negatif on test_a_null_b_positif_tres_grand_c_proche_zero_negatif(com.example.TestCases) -->
  <testcase classname="com.example.TestCases" name="test_a_tres_proche_zero_positif_b_normal_negatif_c_tres_proche_zero_positif on test_a_tres_proche_zero_positif_b_normal_negatif_c_tres_proche_zero_positif(com.example.TestCases)" time="0.259"/>
  <testcase classname="com.example.TestCases" name="test_a_proche_zero_negatif_b_proche_zero_positif_c_proche_zero_negatif on test_a_proche_zero_negatif_b_proche_zero_positif_c_proche_zero_negatif(com.example.TestCases)" time="0.259"/>
  <testcase classname="com.example.TestCases" name="test_a_proche_zero_positif_b_positif_tres_grand_c_normal_positif on test_a_proche_zero_positif_b_positif_tres_grand_c_normal_positif(com.example.TestCases)" time="0.273"/>
  <testcase classname="com.example.TestCases" name="test_a_normal_negatif_b_null_c_normal_negatif on test_a_normal_negatif_b_null_c_normal_negatif(com.example.TestCases)" time="0.274"/>
  <testcase classname="com.example.TestCases" name="test_a_normal_positif_b_normal_positif_c_normal_negatif on test_a_normal_positif_b_normal_positif_c_normal_negatif(com.example.TestCases)" time="0.275"/>
  <testcase classname="com.example.TestCases" name="test_a_tres_proche_zero_negatif_b_tres_proche_zero_negatif_c_negatif_tres_grand on test_a_tres_proche_zero_negatif_b_tres_proche_zero_negatif_c_negatif_tres_grand(com.example.TestCases)" time="0.277"/>
  <testcase classname="com.example.TestCases" name="test_a_normal_positif_b_tres_proche_zero_positif_c_proche_zero_positif on test_a_normal_positif_b_tres_proche_zero_positif_c_proche_zero_positif(com.example.TestCases)" time="0.277"/>
  <testcase classname="com.example.TestCases" name="test_a_normal_negatif_b_proche_zero_negatif_c_negatif_tres_grand on test_a_normal_negatif_b_proche_zero_negatif_c_negatif_tres_grand(com.example.TestCases)" time="0.278"/>
  <testcase classname="com.example.TestCases" name="test_a_tres_proche_zero_positif_b_proche_zero_negatif_c_normal_negatif on test_a_tres_proche_zero_positif_b_proche_zero_negatif_c_normal_negatif(com.example.TestCases)" time="0.279"/>
  <testcase classname="com.example.TestCases" name="test_a_proche_zero_negatif_b_tres_proche_zero_negatif_c_tres_proche_zero_positif on test_a_proche_zero_negatif_b_tres_proche_zero_negatif_c_tres_proche_zero_positif(com.example.TestCases)" time="0.28"/>
  <testcase classname="com.example.TestCases" name="test_a_normal_positif_b_negatif_tres_grand_c_positif_tres_grand on test_a_normal_positif_b_negatif_tres_grand_c_positif_tres_grand(com.example.TestCases)" time="0.281"/>
  <testcase classname="com.example.TestCases" name="test_a_positif_tres_grand_b_tres_proche_zero_positif_c_negatif_tres_grand on test_a_positif_tres_grand_b_tres_proche_zero_positif_c_negatif_tres_grand(com.example.TestCases)" time="0.283"/>
  <testcase classname="com.example.TestCases" name="test_a_positif_tres_grand_b_negatif_tres_grand_c_proche_zero_positif on test_a_positif_tres_grand_b_negatif_tres_grand_c_proche_zero_positif(com.example.TestCases)" time="0.284"/>
  <testcase classname="com.example.TestCases" name="test_a_tres_proche_zero_negatif_b_positif_tres_grand_c_null on test_a_tres_proche_zero_negatif_b_positif_tres_grand_c_null(com.example.TestCases)" time="0.285"/>
  <testcase classname="com.example.TestCases" name="test_a_null_b_null_c_negatif_tres_grand on test_a_null_b_null_c_negatif_tres_grand(com.example.TestCases)" time="0.286">
    <failure type="org.junit.internal.ArrayComparisonFailure" message="arrays first differed at element [0]; expected:&amp;lt;Infinity&amp;gt; but was:&amp;lt;0.0&amp;gt;">
      <![CDATA[arrays first differed at element [0]; expected:<Infinity> but was:<0.0>
at org.junit.internal.ComparisonCriteria.arrayEquals(ComparisonCriteria.java:50)
at org.junit.Assert.assertArrayEquals(Assert.java:419)
at org.junit.Assert.assertArrayEquals(Assert.java:430)
at com.example.TestCases.test_a_null_b_null_c_negatif_tres_grand(TestCases.java:128)
at org.junit.runners.model.FrameworkMethod$1.runReflectiveCall(FrameworkMethod.java:47)
at org.junit.internal.runners.model.ReflectiveCallable.run(ReflectiveCallable.java:12)
at org.junit.runners.model.FrameworkMethod.invokeExplosively(FrameworkMethod.java:44)
at org.junit.internal.runners.statements.InvokeMethod.evaluate(InvokeMethod.java:17)
at org.junit.runners.ParentRunner.runLeaf(ParentRunner.java:271)
at org.junit.runners.BlockJUnit4ClassRunner.runChild(BlockJUnit4ClassRunner.java:70)
at org.junit.runners.BlockJUnit4ClassRunner.runChild(BlockJUnit4ClassRunner.java:50)
at org.junit.runners.ParentRunner$3.run(ParentRunner.java:238)
at org.junit.runners.ParentRunner$1.schedule(ParentRunner.java:63)
at org.junit.runners.ParentRunner.runChildren(ParentRunner.java:236)
at org.junit.runners.ParentRunner.access$000(ParentRunner.java:53)
at org.junit.runners.ParentRunner$2.evaluate(ParentRunner.java:229)
at org.junit.runners.ParentRunner.run(ParentRunner.java:309)
at org.junit.runner.JUnitCore.run(JUnitCore.java:160)
at org.junit.runner.JUnitCore.run(JUnitCore.java:138)
at java.base/java.util.ArrayList.forEach(ArrayList.java:1511)
... Removed 28 stack frames]]>
    </failure>
  </testcase> <!-- test_a_null_b_null_c_negatif_tres_grand on test_a_null_b_null_c_negatif_tres_grand(com.example.TestCases) -->
  <testcase classname="com.example.TestCases" name="test_a_tres_proche_zero_negatif_b_negatif_tres_grand_c_tres_proche_zero_negatif on test_a_tres_proche_zero_negatif_b_negatif_tres_grand_c_tres_proche_zero_negatif(com.example.TestCases)" time="0.29"/>
  <testcase classname="com.example.TestCases" name="test_a_positif_tres_grand_b_positif_tres_grand_c_tres_proche_zero_positif on test_a_positif_tres_grand_b_positif_tres_grand_c_tres_proche_zero_positif(com.example.TestCases)" time="0.291"/>
  <testcase classname="com.example.TestCases" name="test_a_proche_zero_positif_b_normal_positif_c_proche_zero_negatif on test_a_proche_zero_positif_b_normal_positif_c_proche_zero_negatif(com.example.TestCases)" time="0.296"/>
  <testcase classname="com.example.TestCases" name="test_a_proche_zero_positif_b_normal_negatif_c_proche_zero_positif on test_a_proche_zero_positif_b_normal_negatif_c_proche_zero_positif(com.example.TestCases)" time="0.301"/>
  <testcase classname="com.example.TestCases" name="test_a_normal_positif_b_null_c_normal_positif on test_a_normal_positif_b_null_c_normal_positif(com.example.TestCases)" time="0.304"/>
  <testcase classname="com.example.TestCases" name="test_a_negatif_tres_grand_b_negatif_tres_grand_c_normal_positif on test_a_negatif_tres_grand_b_negatif_tres_grand_c_normal_positif(com.example.TestCases)" time="0.307"/>
  <testcase classname="com.example.TestCases" name="test_a_tres_proche_zero_positif_b_tres_proche_zero_positif_c_normal_positif on test_a_tres_proche_zero_positif_b_tres_proche_zero_positif_c_normal_positif(com.example.TestCases)" time="0.308"/>
  <testcase classname="com.example.TestCases" name="test_a_null_b_negatif_tres_grand_c_tres_proche_zero_positif on test_a_null_b_negatif_tres_grand_c_tres_proche_zero_positif(com.example.TestCases)" time="0.308">
    <failure type="org.junit.internal.ArrayComparisonFailure" message="arrays first differed at element [0]; expected:&amp;lt;1.6806347941034085E-15&amp;gt; but was:&amp;lt;5.950132673133689E14&amp;gt;">
      <![CDATA[arrays first differed at element [0]; expected:<1.6806347941034085E-15> but was:<5.950132673133689E14>
at org.junit.internal.ComparisonCriteria.arrayEquals(ComparisonCriteria.java:50)
at org.junit.Assert.assertArrayEquals(Assert.java:419)
at org.junit.Assert.assertArrayEquals(Assert.java:430)
at com.example.TestCases.test_a_null_b_negatif_tres_grand_c_tres_proche_zero_positif(TestCases.java:248)
at org.junit.runners.model.FrameworkMethod$1.runReflectiveCall(FrameworkMethod.java:47)
at org.junit.internal.runners.model.ReflectiveCallable.run(ReflectiveCallable.java:12)
at org.junit.runners.model.FrameworkMethod.invokeExplosively(FrameworkMethod.java:44)
at org.junit.internal.runners.statements.InvokeMethod.evaluate(InvokeMethod.java:17)
at org.junit.runners.ParentRunner.runLeaf(ParentRunner.java:271)
at org.junit.runners.BlockJUnit4ClassRunner.runChild(BlockJUnit4ClassRunner.java:70)
at org.junit.runners.BlockJUnit4ClassRunner.runChild(BlockJUnit4ClassRunner.java:50)
at org.junit.runners.ParentRunner$3.run(ParentRunner.java:238)
at org.junit.runners.ParentRunner$1.schedule(ParentRunner.java:63)
at org.junit.runners.ParentRunner.runChildren(ParentRunner.java:236)
at org.junit.runners.ParentRunner.access$000(ParentRunner.java:53)
at org.junit.runners.ParentRunner$2.evaluate(ParentRunner.java:229)
at org.junit.runners.ParentRunner.run(ParentRunner.java:309)
at org.junit.runner.JUnitCore.run(JUnitCore.java:160)
at org.junit.runner.JUnitCore.run(JUnitCore.java:138)
at java.base/java.util.ArrayList.forEach(ArrayList.java:1511)
... Removed 28 stack frames]]>
    </failure>
  </testcase> <!-- test_a_null_b_negatif_tres_grand_c_tres_proche_zero_positif on test_a_null_b_negatif_tres_grand_c_tres_proche_zero_positif(com.example.TestCases) -->
  <testcase classname="com.example.TestCases" name="test_a_tres_proche_zero_negatif_b_normal_positif_c_positif_tres_grand on test_a_tres_proche_zero_negatif_b_normal_positif_c_positif_tres_grand(com.example.TestCases)" time="0.31"/>
  <testcase classname="com.example.TestCases" name="test_a_null_b_proche_zero_positif_c_null on test_a_null_b_proche_zero_positif_c_null(com.example.TestCases)" time="0.311">
    <failure type="org.junit.internal.ArrayComparisonFailure" message="arrays first differed at element [0]; expected:&amp;lt;-0.0&amp;gt; but was:&amp;lt;-Infinity&amp;gt;">
      <![CDATA[arrays first differed at element [0]; expected:<-0.0> but was:<-Infinity>
at org.junit.internal.ComparisonCriteria.arrayEquals(ComparisonCriteria.java:50)
at org.junit.Assert.assertArrayEquals(Assert.java:419)
at org.junit.Assert.assertArrayEquals(Assert.java:430)
at com.example.TestCases.test_a_null_b_proche_zero_positif_c_null(TestCases.java:56)
at org.junit.runners.model.FrameworkMethod$1.runReflectiveCall(FrameworkMethod.java:47)
at org.junit.internal.runners.model.ReflectiveCallable.run(ReflectiveCallable.java:12)
at org.junit.runners.model.FrameworkMethod.invokeExplosively(FrameworkMethod.java:44)
at org.junit.internal.runners.statements.InvokeMethod.evaluate(InvokeMethod.java:17)
at org.junit.runners.ParentRunner.runLeaf(ParentRunner.java:271)
at org.junit.runners.BlockJUnit4ClassRunner.runChild(BlockJUnit4ClassRunner.java:70)
at org.junit.runners.BlockJUnit4ClassRunner.runChild(BlockJUnit4ClassRunner.java:50)
at org.junit.runners.ParentRunner$3.run(ParentRunner.java:238)
at org.junit.runners.ParentRunner$1.schedule(ParentRunner.java:63)
at org.junit.runners.ParentRunner.runChildren(ParentRunner.java:236)
at org.junit.runners.ParentRunner.access$000(ParentRunner.java:53)
at org.junit.runners.ParentRunner$2.evaluate(ParentRunner.java:229)
at org.junit.runners.ParentRunner.run(ParentRunner.java:309)
at org.junit.runner.JUnitCore.run(JUnitCore.java:160)
at org.junit.runner.JUnitCore.run(JUnitCore.java:138)
at java.base/java.util.ArrayList.forEach(ArrayList.java:1511)
... Removed 28 stack frames]]>
    </failure>
  </testcase> <!-- test_a_null_b_proche_zero_positif_c_null on test_a_null_b_proche_zero_positif_c_null(com.example.TestCases) -->
  <testcase classname="com.example.TestCases" name="test_a_negatif_tres_grand_b_normal_negatif_c_proche_zero_positif on test_a_negatif_tres_grand_b_normal_negatif_c_proche_zero_positif(com.example.TestCases)" time="0.313"/>
  <testcase classname="com.example.TestCases" name="test_a_tres_proche_zero_positif_b_negatif_tres_grand_c_proche_zero_negatif on test_a_tres_proche_zero_positif_b_negatif_tres_grand_c_proche_zero_negatif(com.example.TestCases)" time="0.315"/>
  <testcase classname="com.example.TestCases" name="test_a_proche_zero_negatif_b_normal_positif_c_normal_positif on test_a_proche_zero_negatif_b_normal_positif_c_normal_positif(com.example.TestCases)" time="0.316"/>
  <testcase classname="com.example.TestCases" name="test_a_null_b_normal_negatif_c_positif_tres_grand on test_a_null_b_normal_negatif_c_positif_tres_grand(com.example.TestCases)" time="0.317">
    <failure type="org.junit.internal.ArrayComparisonFailure" message="arrays first differed at element [0]; expected:&amp;lt;1026975.7894841089&amp;gt; but was:&amp;lt;9.737327892630653E-7&amp;gt;">
      <![CDATA[arrays first differed at element [0]; expected:<1026975.7894841089> but was:<9.737327892630653E-7>
at org.junit.internal.ComparisonCriteria.arrayEquals(ComparisonCriteria.java:50)
at org.junit.Assert.assertArrayEquals(Assert.java:419)
at org.junit.Assert.assertArrayEquals(Assert.java:430)
at com.example.TestCases.test_a_null_b_normal_negatif_c_positif_tres_grand(TestCases.java:232)
at org.junit.runners.model.FrameworkMethod$1.runReflectiveCall(FrameworkMethod.java:47)
at org.junit.internal.runners.model.ReflectiveCallable.run(ReflectiveCallable.java:12)
at org.junit.runners.model.FrameworkMethod.invokeExplosively(FrameworkMethod.java:44)
at org.junit.internal.runners.statements.InvokeMethod.evaluate(InvokeMethod.java:17)
at org.junit.runners.ParentRunner.runLeaf(ParentRunner.java:271)
at org.junit.runners.BlockJUnit4ClassRunner.runChild(BlockJUnit4ClassRunner.java:70)
at org.junit.runners.BlockJUnit4ClassRunner.runChild(BlockJUnit4ClassRunner.java:50)
at org.junit.runners.ParentRunner$3.run(ParentRunner.java:238)
at org.junit.runners.ParentRunner$1.schedule(ParentRunner.java:63)
at org.junit.runners.ParentRunner.runChildren(ParentRunner.java:236)
at org.junit.runners.ParentRunner.access$000(ParentRunner.java:53)
at org.junit.runners.ParentRunner$2.evaluate(ParentRunner.java:229)
at org.junit.runners.ParentRunner.run(ParentRunner.java:309)
at org.junit.runner.JUnitCore.run(JUnitCore.java:160)
at org.junit.runner.JUnitCore.run(JUnitCore.java:138)
at java.base/java.util.ArrayList.forEach(ArrayList.java:1511)
... Removed 28 stack frames]]>
    </failure>
  </testcase> <!-- test_a_null_b_normal_negatif_c_positif_tres_grand on test_a_null_b_normal_negatif_c_positif_tres_grand(com.example.TestCases) -->
  <testcase classname="com.example.TestCases" name="test_a_tres_proche_zero_positif_b_null_c_null on test_a_tres_proche_zero_positif_b_null_c_null(com.example.TestCases)" time="0.318"/>
  <testcase classname="com.example.TestCases" name="test_a_proche_zero_positif_b_proche_zero_negatif_c_positif_tres_grand on test_a_proche_zero_positif_b_proche_zero_negatif_c_positif_tres_grand(com.example.TestCases)" time="0.319"/>
  <testcase classname="com.example.TestCases" name="test_a_negatif_tres_grand_b_positif_tres_grand_c_negatif_tres_grand on test_a_negatif_tres_grand_b_positif_tres_grand_c_negatif_tres_grand(com.example.TestCases)" time="0.32"/>
  <testcase classname="com.example.TestCases" name="test_a_normal_negatif_b_tres_proche_zero_positif_c_proche_zero_negatif on test_a_normal_negatif_b_tres_proche_zero_positif_c_proche_zero_negatif(com.example.TestCases)" time="0.321"/>
  <testcase classname="com.example.TestCases" name="test_a_normal_negatif_b_tres_proche_zero_negatif_c_proche_zero_positif on test_a_normal_negatif_b_tres_proche_zero_negatif_c_proche_zero_positif(com.example.TestCases)" time="0.322"/>
  <testcase classname="com.example.TestCases" name="test_a_positif_tres_grand_b_positif_tres_grand_c_normal_negatif on test_a_positif_tres_grand_b_positif_tres_grand_c_normal_negatif(com.example.TestCases)" time="0.326"/>
  <testcase classname="com.example.TestCases" name="test_a_normal_negatif_b_normal_positif_c_null on test_a_normal_negatif_b_normal_positif_c_null(com.example.TestCases)" time="0.328"/>
  <testcase classname="com.example.TestCases" name="test_a_negatif_tres_grand_b_tres_proche_zero_negatif_c_proche_zero_negatif on test_a_negatif_tres_grand_b_tres_proche_zero_negatif_c_proche_zero_negatif(com.example.TestCases)" time="0.33"/>
  <testcase classname="com.example.TestCases" name="test_a_negatif_tres_grand_b_proche_zero_positif_c_positif_tres_grand on test_a_negatif_tres_grand_b_proche_zero_positif_c_positif_tres_grand(com.example.TestCases)" time="0.332"/>
  <testcase classname="com.example.TestCases" name="test_a_proche_zero_negatif_b_tres_proche_zero_positif_c_positif_tres_grand on test_a_proche_zero_negatif_b_tres_proche_zero_positif_c_positif_tres_grand(com.example.TestCases)" time="0.334"/>
  <testcase classname="com.example.TestCases" name="test_a_tres_proche_zero_negatif_b_normal_negatif_c_normal_negatif on test_a_tres_proche_zero_negatif_b_normal_negatif_c_normal_negatif(com.example.TestCases)" time="0.335"/>
  <testcase classname="com.example.TestCases" name="test_a_positif_tres_grand_b_proche_zero_positif_c_proche_zero_positif on test_a_positif_tres_grand_b_proche_zero_positif_c_proche_zero_positif(com.example.TestCases)" time="0.336"/>
  <testcase classname="com.example.TestCases" name="test_a_tres_proche_zero_positif_b_positif_tres_grand_c_proche_zero_positif on test_a_tres_proche_zero_positif_b_positif_tres_grand_c_proche_zero_positif(com.example.TestCases)" time="0.337"/>
  <testcase classname="com.example.TestCases" name="test_a_normal_negatif_b_proche_zero_positif_c_normal_positif on test_a_normal_negatif_b_proche_zero_positif_c_normal_positif(com.example.TestCases)" time="0.339"/>
  <testcase classname="com.example.TestCases" name="test_a_normal_negatif_b_positif_tres_grand_c_positif_tres_grand on test_a_normal_negatif_b_positif_tres_grand_c_positif_tres_grand(com.example.TestCases)" time="0.34"/>
  <testcase classname="com.example.TestCases" name="test_a_tres_proche_zero_negatif_b_normal_positif_c_normal_positif on test_a_tres_proche_zero_negatif_b_normal_positif_c_normal_positif(com.example.TestCases)" time="0.341"/>
  <testcase classname="com.example.TestCases" name="test_a_tres_proche_zero_positif_b_tres_proche_zero_negatif_c_positif_tres_grand on test_a_tres_proche_zero_positif_b_tres_proche_zero_negatif_c_positif_tres_grand(com.example.TestCases)" time="0.342"/>
  <testcase classname="com.example.TestCases" name="test_a_normal_negatif_b_negatif_tres_grand_c_tres_proche_zero_positif on test_a_normal_negatif_b_negatif_tres_grand_c_tres_proche_zero_positif(com.example.TestCases)" time="0.343"/>
  <testcase classname="com.example.TestCases" name="test_a_proche_zero_positif_b_null_c_tres_proche_zero_positif on test_a_proche_zero_positif_b_null_c_tres_proche_zero_positif(com.example.TestCases)" time="0.344"/>
  <testcase classname="com.example.TestCases" name="test_a_proche_zero_positif_b_tres_proche_zero_negatif_c_proche_zero_negatif on test_a_proche_zero_positif_b_tres_proche_zero_negatif_c_proche_zero_negatif(com.example.TestCases)" time="0.344"/>
  <testcase classname="com.example.TestSolver" name="buildTestSolver1 on buildTestSolver1(com.example.TestSolver)" time="9.013"/>
  <testcase classname="com.example.TestSolver" name="buildTestSolver on buildTestSolver(com.example.TestSolver)" time="14.001"/>
  <testcase classname="com.example.AppTest" name="shouldAnswerWithTrue on shouldAnswerWithTrue(com.example.AppTest)" time="0.001"/>
</testsuite> <!-- Surefire test -->
