<?xml version="1.0" encoding="UTF-8"?>
<!-- Generated by org.testng.reporters.JUnitReportReporter -->
<testsuite hostname="begade-Latitude-E7450" failures="9" tests="89" name="com.example.TestCases" time="65.810" errors="0" timestamp="2024-01-25T19:10:29 WAT" skipped="0">
  <testcase classname="com.example.TestCases" name="test_a_normal_positif_b_normal_positif_c_normal_negatif" time="0.831"/>
  <system-out/>
  <testcase classname="com.example.TestCases" name="test_a_proche_zero_negatif_b_proche_zero_negatif_c_normal_positif" time="0.396"/>
  <system-out/>
  <testcase classname="com.example.TestCases" name="test_a_positif_tres_grand_b_positif_tres_grand_c_tres_proche_zero_positif" time="0.917"/>
  <system-out/>
  <testcase classname="com.example.TestCases" name="test_a_tres_proche_zero_positif_b_null_c_null" time="0.944"/>
  <system-out/>
  <testcase classname="com.example.TestCases" name="test_a_normal_negatif_b_normal_positif_c_null" time="0.960"/>
  <system-out/>
  <testcase classname="com.example.TestCases" name="test_a_proche_zero_negatif_b_positif_tres_grand_c_tres_proche_zero_negatif" time="0.772"/>
  <system-out/>
  <testcase classname="com.example.TestCases" name="test_a_positif_tres_grand_b_null_c_positif_tres_grand" time="0.791"/>
  <system-out/>
  <testcase classname="com.example.TestCases" name="test_a_tres_proche_zero_positif_b_positif_tres_grand_c_proche_zero_positif" time="0.971"/>
  <system-out/>
  <testcase classname="com.example.TestCases" name="test_a_negatif_tres_grand_b_normal_positif_c_tres_proche_zero_positif" time="0.571"/>
  <system-out/>
  <testcase classname="com.example.TestCases" name="test_a_proche_zero_positif_b_proche_zero_negatif_c_null" time="0.771"/>
  <system-out/>
  <testcase classname="com.example.TestCases" name="test_a_proche_zero_negatif_b_null_c_proche_zero_positif" time="0.652"/>
  <system-out/>
  <testcase classname="com.example.TestCases" name="test_a_positif_tres_grand_b_negatif_tres_grand_c_proche_zero_positif" time="0.892"/>
  <system-out/>
  <testcase classname="com.example.TestCases" name="test_a_tres_proche_zero_positif_b_tres_proche_zero_positif_c_normal_positif" time="0.928"/>
  <system-out/>
  <testcase classname="com.example.TestCases" name="test_a_proche_zero_positif_b_null_c_tres_proche_zero_positif" time="0.992"/>
  <system-out/>
  <testcase classname="com.example.TestCases" name="test_a_negatif_tres_grand_b_normal_negatif_c_proche_zero_positif" time="0.939"/>
  <system-out/>
  <testcase classname="com.example.TestCases" name="test_a_normal_positif_b_tres_proche_zero_positif_c_proche_zero_positif" time="0.833"/>
  <system-out/>
  <testcase classname="com.example.TestCases" name="test_a_proche_zero_negatif_b_tres_proche_zero_negatif_c_tres_proche_zero_positif" time="0.856"/>
  <system-out/>
  <testcase classname="com.example.TestCases" name="test_a_negatif_tres_grand_b_proche_zero_positif_c_positif_tres_grand" time="0.967"/>
  <system-out/>
  <testcase classname="com.example.TestCases" name="test_a_proche_zero_negatif_b_tres_proche_zero_positif_c_positif_tres_grand" time="0.968"/>
  <system-out/>
  <testcase classname="com.example.TestCases" name="test_a_negatif_tres_grand_b_negatif_tres_grand_c_normal_negatif" time="0.523"/>
  <system-out/>
  <testcase classname="com.example.TestCases" name="test_a_proche_zero_positif_b_normal_negatif_c_proche_zero_positif" time="0.925"/>
  <system-out/>
  <testcase classname="com.example.TestCases" name="test_a_normal_negatif_b_tres_proche_zero_positif_c_proche_zero_negatif" time="0.952"/>
  <system-out/>
  <testcase classname="com.example.TestCases" name="test_a_tres_proche_zero_negatif_b_proche_zero_positif_c_tres_proche_zero_negatif" time="0.383"/>
  <system-out/>
  <testcase classname="com.example.TestCases" name="test_a_normal_positif_b_positif_tres_grand_c_normal_positif" time="0.394"/>
  <system-out/>
  <testcase classname="com.example.TestCases" name="test_a_normal_positif_b_tres_proche_zero_positif_c_negatif_tres_grand" time="0.390"/>
  <system-out/>
  <testcase classname="com.example.TestCases" name="test_a_normal_negatif_b_proche_zero_positif_c_normal_positif" time="0.973"/>
  <system-out/>
  <testcase classname="com.example.TestCases" name="test_a_tres_proche_zero_negatif_b_proche_zero_negatif_c_proche_zero_positif" time="0.330"/>
  <system-out/>
  <testcase classname="com.example.TestCases" name="test_a_proche_zero_positif_b_tres_proche_zero_negatif_c_proche_zero_negatif" time="1.033"/>
  <system-out/>
  <testcase classname="com.example.TestCases" name="test_a_proche_zero_positif_b_proche_zero_positif_c_normal_negatif" time="0.137"/>
  <system-out/>
  <testcase classname="com.example.TestCases" name="test_a_proche_zero_negatif_b_negatif_tres_grand_c_null" time="0.217"/>
  <system-out/>
  <testcase classname="com.example.TestCases" name="test_a_positif_tres_grand_b_normal_negatif_c_normal_positif" time="0.695"/>
  <system-out/>
  <testcase classname="com.example.TestCases" name="test_a_tres_proche_zero_negatif_b_normal_positif_c_positif_tres_grand" time="0.935"/>
  <system-out/>
  <testcase classname="com.example.TestCases" name="test_a_normal_positif_b_negatif_tres_grand_c_positif_tres_grand" time="0.866"/>
  <system-out/>
  <testcase classname="com.example.TestCases" name="test_a_tres_proche_zero_negatif_b_normal_negatif_c_normal_negatif" time="0.968"/>
  <system-out/>
  <testcase classname="com.example.TestCases" name="test_a_null_b_tres_proche_zero_positif_c_normal_negatif" time="0.435">
    <failure message="arrays first differed at element [0]; expected:&lt;5.002003811009967E8&gt; but was:&lt;1.9991987966880167E-9&gt;" type="org.junit.internal.ArrayComparisonFailure">
      <![CDATA[arrays first differed at element [0]; expected:<5.002003811009967E8> but was:<1.9991987966880167E-9>
at org.junit.internal.ComparisonCriteria.arrayEquals(ComparisonCriteria.java:50)
at org.junit.Assert.assertArrayEquals(Assert.java:419)
at org.junit.Assert.assertArrayEquals(Assert.java:430)
at com.example.TestCases.test_a_null_b_tres_proche_zero_positif_c_normal_negatif(TestCases.java:256)
at java.base/jdk.internal.reflect.NativeMethodAccessorImpl.invoke0(Native Method)
at java.base/jdk.internal.reflect.NativeMethodAccessorImpl.invoke(NativeMethodAccessorImpl.java:77)
at java.base/jdk.internal.reflect.DelegatingMethodAccessorImpl.invoke(DelegatingMethodAccessorImpl.java:43)
at java.base/java.lang.reflect.Method.invoke(Method.java:568)
at org.junit.runners.model.FrameworkMethod$1.runReflectiveCall(FrameworkMethod.java:47)
at org.junit.internal.runners.model.ReflectiveCallable.run(ReflectiveCallable.java:12)
at org.junit.runners.model.FrameworkMethod.invokeExplosively(FrameworkMethod.java:44)
at org.junit.internal.runners.statements.InvokeMethod.evaluate(InvokeMethod.java:17)
at org.junit.runners.ParentRunner.runLeaf(ParentRunner.java:271)
at org.junit.runners.BlockJUnit4ClassRunner.runChild(BlockJUnit4ClassRunner.java:70)
at org.junit.runners.BlockJUnit4ClassRunner.runChild(BlockJUnit4ClassRunner.java:50)
at org.junit.runners.ParentRunner$3.run(ParentRunner.java:238)
at org.junit.runners.ParentRunner$1.schedule(ParentRunner.java:63)
at org.junit.runners.ParentRunner.runChildren(ParentRunner.java:236)
at org.junit.runners.ParentRunner.access$000(ParentRunner.java:53)
at org.junit.runners.ParentRunner$2.evaluate(ParentRunner.java:229)
at org.junit.runners.ParentRunner.run(ParentRunner.java:309)
at org.junit.runner.JUnitCore.run(JUnitCore.java:160)
at org.junit.runner.JUnitCore.run(JUnitCore.java:138)
at org.testng.junit.JUnit4TestRunner.start(JUnit4TestRunner.java:76)
at org.testng.junit.JUnit4TestRunner.run(JUnit4TestRunner.java:61)
at org.testng.TestRunner$1.run(TestRunner.java:691)
at java.base/java.util.ArrayList.forEach(ArrayList.java:1511)
at org.testng.TestRunner.runJUnitWorkers(TestRunner.java:908)
at org.testng.TestRunner.privateRunJUnit(TestRunner.java:720)
at org.testng.TestRunner.run(TestRunner.java:600)
at org.testng.SuiteRunner.runTest(SuiteRunner.java:437)
at org.testng.SuiteRunner.runSequentially(SuiteRunner.java:431)
at org.testng.SuiteRunner.privateRun(SuiteRunner.java:391)
at org.testng.SuiteRunner.run(SuiteRunner.java:330)
at org.testng.SuiteRunnerWorker.runSuite(SuiteRunnerWorker.java:52)
at org.testng.SuiteRunnerWorker.run(SuiteRunnerWorker.java:95)
at org.testng.TestNG.runSuitesSequentially(TestNG.java:1256)
at org.testng.TestNG.runSuitesLocally(TestNG.java:1176)
at org.testng.TestNG.runSuites(TestNG.java:1099)
at org.testng.TestNG.run(TestNG.java:1067)
at org.apache.maven.surefire.testng.TestNGExecutor.run(TestNGExecutor.java:135)
at org.apache.maven.surefire.testng.TestNGDirectoryTestSuite.executeMulti(TestNGDirectoryTestSuite.java:198)
at org.apache.maven.surefire.testng.TestNGDirectoryTestSuite.execute(TestNGDirectoryTestSuite.java:94)
at org.apache.maven.surefire.testng.TestNGProvider.invoke(TestNGProvider.java:146)
at org.apache.maven.surefire.booter.ForkedBooter.invokeProviderInSameClassLoader(ForkedBooter.java:384)
at org.apache.maven.surefire.booter.ForkedBooter.runSuitesInProcess(ForkedBooter.java:345)
at org.apache.maven.surefire.booter.ForkedBooter.execute(ForkedBooter.java:126)
at org.apache.maven.surefire.booter.ForkedBooter.main(ForkedBooter.java:418)
]]>
    </failure>
  </testcase> <!-- test_a_null_b_tres_proche_zero_positif_c_normal_negatif -->
  <system-out/>
  <testcase classname="com.example.TestCases" name="test_a_normal_positif_b_proche_zero_negatif_c_proche_zero_negatif" time="0.475"/>
  <system-out/>
  <testcase classname="com.example.TestCases" name="test_a_tres_proche_zero_positif_b_negatif_tres_grand_c_proche_zero_negatif" time="0.940"/>
  <system-out/>
  <testcase classname="com.example.TestCases" name="test_a_negatif_tres_grand_b_negatif_tres_grand_c_normal_positif" time="0.927"/>
  <system-out/>
  <testcase classname="com.example.TestCases" name="test_a_negatif_tres_grand_b_null_c_tres_proche_zero_negatif" time="0.773"/>
  <system-out/>
  <testcase classname="com.example.TestCases" name="test_a_tres_proche_zero_negatif_b_normal_negatif_c_proche_zero_negatif" time="0.777"/>
  <system-out/>
  <testcase classname="com.example.TestCases" name="test_a_proche_zero_positif_b_proche_zero_negatif_c_positif_tres_grand" time="0.945"/>
  <system-out/>
  <testcase classname="com.example.TestCases" name="test_a_proche_zero_positif_b_negatif_tres_grand_c_negatif_tres_grand" time="0.534"/>
  <system-out/>
  <testcase classname="com.example.TestCases" name="test_a_proche_zero_negatif_b_proche_zero_positif_c_proche_zero_negatif" time="0.828"/>
  <system-out/>
  <testcase classname="com.example.TestCases" name="test_a_tres_proche_zero_negatif_b_positif_tres_grand_c_null" time="0.896"/>
  <system-out/>
  <testcase classname="com.example.TestCases" name="test_a_normal_negatif_b_positif_tres_grand_c_positif_tres_grand" time="0.973"/>
  <system-out/>
  <testcase classname="com.example.TestCases" name="test_a_tres_proche_zero_positif_b_proche_zero_positif_c_negatif_tres_grand" time="0.625"/>
  <system-out/>
  <testcase classname="com.example.TestCases" name="test_a_proche_zero_positif_b_normal_positif_c_proche_zero_negatif" time="0.918"/>
  <system-out/>
  <testcase classname="com.example.TestCases" name="test_a_negatif_tres_grand_b_proche_zero_negatif_c_tres_proche_zero_positif" time="0.352"/>
  <system-out/>
  <testcase classname="com.example.TestCases" name="test_a_proche_zero_positif_b_tres_proche_zero_positif_c_tres_proche_zero_negatif" time="0.710"/>
  <system-out/>
  <testcase classname="com.example.TestCases" name="test_a_tres_proche_zero_negatif_b_null_c_proche_zero_negatif" time="0.207"/>
  <system-out/>
  <testcase classname="com.example.TestCases" name="test_a_proche_zero_negatif_b_tres_proche_zero_negatif_c_normal_negatif" time="0.687"/>
  <system-out/>
  <testcase classname="com.example.TestCases" name="test_a_proche_zero_negatif_b_normal_negatif_c_negatif_tres_grand" time="0.529"/>
  <system-out/>
  <testcase classname="com.example.TestCases" name="test_a_tres_proche_zero_positif_b_normal_positif_c_tres_proche_zero_negatif" time="0.773"/>
  <system-out/>
  <testcase classname="com.example.TestCases" name="test_a_positif_tres_grand_b_proche_zero_positif_c_proche_zero_positif" time="0.969"/>
  <system-out/>
  <testcase classname="com.example.TestCases" name="test_a_tres_proche_zero_negatif_b_negatif_tres_grand_c_tres_proche_zero_negatif" time="0.913"/>
  <system-out/>
  <testcase classname="com.example.TestCases" name="test_a_tres_proche_zero_positif_b_normal_negatif_c_tres_proche_zero_positif" time="0.827"/>
  <system-out/>
  <testcase classname="com.example.TestCases" name="test_a_proche_zero_negatif_b_normal_positif_c_normal_positif" time="0.941"/>
  <system-out/>
  <testcase classname="com.example.TestCases" name="test_a_null_b_tres_proche_zero_negatif_c_normal_positif" time="0.221">
    <failure message="arrays first differed at element [0]; expected:&lt;2.2310431465357116E8&gt; but was:&lt;4.482208251116821E-9&gt;" type="org.junit.internal.ArrayComparisonFailure">
      <![CDATA[arrays first differed at element [0]; expected:<2.2310431465357116E8> but was:<4.482208251116821E-9>
at org.junit.internal.ComparisonCriteria.arrayEquals(ComparisonCriteria.java:50)
at org.junit.Assert.assertArrayEquals(Assert.java:419)
at org.junit.Assert.assertArrayEquals(Assert.java:430)
at com.example.TestCases.test_a_null_b_tres_proche_zero_negatif_c_normal_positif(TestCases.java:200)
at java.base/jdk.internal.reflect.NativeMethodAccessorImpl.invoke0(Native Method)
at java.base/jdk.internal.reflect.NativeMethodAccessorImpl.invoke(NativeMethodAccessorImpl.java:77)
at java.base/jdk.internal.reflect.DelegatingMethodAccessorImpl.invoke(DelegatingMethodAccessorImpl.java:43)
at java.base/java.lang.reflect.Method.invoke(Method.java:568)
at org.junit.runners.model.FrameworkMethod$1.runReflectiveCall(FrameworkMethod.java:47)
at org.junit.internal.runners.model.ReflectiveCallable.run(ReflectiveCallable.java:12)
at org.junit.runners.model.FrameworkMethod.invokeExplosively(FrameworkMethod.java:44)
at org.junit.internal.runners.statements.InvokeMethod.evaluate(InvokeMethod.java:17)
at org.junit.runners.ParentRunner.runLeaf(ParentRunner.java:271)
at org.junit.runners.BlockJUnit4ClassRunner.runChild(BlockJUnit4ClassRunner.java:70)
at org.junit.runners.BlockJUnit4ClassRunner.runChild(BlockJUnit4ClassRunner.java:50)
at org.junit.runners.ParentRunner$3.run(ParentRunner.java:238)
at org.junit.runners.ParentRunner$1.schedule(ParentRunner.java:63)
at org.junit.runners.ParentRunner.runChildren(ParentRunner.java:236)
at org.junit.runners.ParentRunner.access$000(ParentRunner.java:53)
at org.junit.runners.ParentRunner$2.evaluate(ParentRunner.java:229)
at org.junit.runners.ParentRunner.run(ParentRunner.java:309)
at org.junit.runner.JUnitCore.run(JUnitCore.java:160)
at org.junit.runner.JUnitCore.run(JUnitCore.java:138)
at org.testng.junit.JUnit4TestRunner.start(JUnit4TestRunner.java:76)
at org.testng.junit.JUnit4TestRunner.run(JUnit4TestRunner.java:61)
at org.testng.TestRunner$1.run(TestRunner.java:691)
at java.base/java.util.ArrayList.forEach(ArrayList.java:1511)
at org.testng.TestRunner.runJUnitWorkers(TestRunner.java:908)
at org.testng.TestRunner.privateRunJUnit(TestRunner.java:720)
at org.testng.TestRunner.run(TestRunner.java:600)
at org.testng.SuiteRunner.runTest(SuiteRunner.java:437)
at org.testng.SuiteRunner.runSequentially(SuiteRunner.java:431)
at org.testng.SuiteRunner.privateRun(SuiteRunner.java:391)
at org.testng.SuiteRunner.run(SuiteRunner.java:330)
at org.testng.SuiteRunnerWorker.runSuite(SuiteRunnerWorker.java:52)
at org.testng.SuiteRunnerWorker.run(SuiteRunnerWorker.java:95)
at org.testng.TestNG.runSuitesSequentially(TestNG.java:1256)
at org.testng.TestNG.runSuitesLocally(TestNG.java:1176)
at org.testng.TestNG.runSuites(TestNG.java:1099)
at org.testng.TestNG.run(TestNG.java:1067)
at org.apache.maven.surefire.testng.TestNGExecutor.run(TestNGExecutor.java:135)
at org.apache.maven.surefire.testng.TestNGDirectoryTestSuite.executeMulti(TestNGDirectoryTestSuite.java:198)
at org.apache.maven.surefire.testng.TestNGDirectoryTestSuite.execute(TestNGDirectoryTestSuite.java:94)
at org.apache.maven.surefire.testng.TestNGProvider.invoke(TestNGProvider.java:146)
at org.apache.maven.surefire.booter.ForkedBooter.invokeProviderInSameClassLoader(ForkedBooter.java:384)
at org.apache.maven.surefire.booter.ForkedBooter.runSuitesInProcess(ForkedBooter.java:345)
at org.apache.maven.surefire.booter.ForkedBooter.execute(ForkedBooter.java:126)
at org.apache.maven.surefire.booter.ForkedBooter.main(ForkedBooter.java:418)
]]>
    </failure>
  </testcase> <!-- test_a_null_b_tres_proche_zero_negatif_c_normal_positif -->
  <system-out/>
  <testcase classname="com.example.TestCases" name="test_a_positif_tres_grand_b_tres_proche_zero_negatif_c_null" time="0.725"/>
  <system-out/>
  <testcase classname="com.example.TestCases" name="test_a_tres_proche_zero_negatif_b_tres_proche_zero_negatif_c_negatif_tres_grand" time="0.831"/>
  <system-out/>
  <testcase classname="com.example.TestCases" name="test_a_null_b_normal_positif_c_proche_zero_positif" time="0.552">
    <failure message="arrays first differed at element [0]; expected:&lt;-0.004638477876619339&gt; but was:&lt;-215.58796368105777&gt;" type="org.junit.internal.ArrayComparisonFailure">
      <![CDATA[arrays first differed at element [0]; expected:<-0.004638477876619339> but was:<-215.58796368105777>
at org.junit.internal.ComparisonCriteria.arrayEquals(ComparisonCriteria.java:50)
at org.junit.Assert.assertArrayEquals(Assert.java:419)
at org.junit.Assert.assertArrayEquals(Assert.java:430)
at com.example.TestCases.test_a_null_b_normal_positif_c_proche_zero_positif(TestCases.java:224)
at java.base/jdk.internal.reflect.NativeMethodAccessorImpl.invoke0(Native Method)
at java.base/jdk.internal.reflect.NativeMethodAccessorImpl.invoke(NativeMethodAccessorImpl.java:77)
at java.base/jdk.internal.reflect.DelegatingMethodAccessorImpl.invoke(DelegatingMethodAccessorImpl.java:43)
at java.base/java.lang.reflect.Method.invoke(Method.java:568)
at org.junit.runners.model.FrameworkMethod$1.runReflectiveCall(FrameworkMethod.java:47)
at org.junit.internal.runners.model.ReflectiveCallable.run(ReflectiveCallable.java:12)
at org.junit.runners.model.FrameworkMethod.invokeExplosively(FrameworkMethod.java:44)
at org.junit.internal.runners.statements.InvokeMethod.evaluate(InvokeMethod.java:17)
at org.junit.runners.ParentRunner.runLeaf(ParentRunner.java:271)
at org.junit.runners.BlockJUnit4ClassRunner.runChild(BlockJUnit4ClassRunner.java:70)
at org.junit.runners.BlockJUnit4ClassRunner.runChild(BlockJUnit4ClassRunner.java:50)
at org.junit.runners.ParentRunner$3.run(ParentRunner.java:238)
at org.junit.runners.ParentRunner$1.schedule(ParentRunner.java:63)
at org.junit.runners.ParentRunner.runChildren(ParentRunner.java:236)
at org.junit.runners.ParentRunner.access$000(ParentRunner.java:53)
at org.junit.runners.ParentRunner$2.evaluate(ParentRunner.java:229)
at org.junit.runners.ParentRunner.run(ParentRunner.java:309)
at org.junit.runner.JUnitCore.run(JUnitCore.java:160)
at org.junit.runner.JUnitCore.run(JUnitCore.java:138)
at org.testng.junit.JUnit4TestRunner.start(JUnit4TestRunner.java:76)
at org.testng.junit.JUnit4TestRunner.run(JUnit4TestRunner.java:61)
at org.testng.TestRunner$1.run(TestRunner.java:691)
at java.base/java.util.ArrayList.forEach(ArrayList.java:1511)
at org.testng.TestRunner.runJUnitWorkers(TestRunner.java:908)
at org.testng.TestRunner.privateRunJUnit(TestRunner.java:720)
at org.testng.TestRunner.run(TestRunner.java:600)
at org.testng.SuiteRunner.runTest(SuiteRunner.java:437)
at org.testng.SuiteRunner.runSequentially(SuiteRunner.java:431)
at org.testng.SuiteRunner.privateRun(SuiteRunner.java:391)
at org.testng.SuiteRunner.run(SuiteRunner.java:330)
at org.testng.SuiteRunnerWorker.runSuite(SuiteRunnerWorker.java:52)
at org.testng.SuiteRunnerWorker.run(SuiteRunnerWorker.java:95)
at org.testng.TestNG.runSuitesSequentially(TestNG.java:1256)
at org.testng.TestNG.runSuitesLocally(TestNG.java:1176)
at org.testng.TestNG.runSuites(TestNG.java:1099)
at org.testng.TestNG.run(TestNG.java:1067)
at org.apache.maven.surefire.testng.TestNGExecutor.run(TestNGExecutor.java:135)
at org.apache.maven.surefire.testng.TestNGDirectoryTestSuite.executeMulti(TestNGDirectoryTestSuite.java:198)
at org.apache.maven.surefire.testng.TestNGDirectoryTestSuite.execute(TestNGDirectoryTestSuite.java:94)
at org.apache.maven.surefire.testng.TestNGProvider.invoke(TestNGProvider.java:146)
at org.apache.maven.surefire.booter.ForkedBooter.invokeProviderInSameClassLoader(ForkedBooter.java:384)
at org.apache.maven.surefire.booter.ForkedBooter.runSuitesInProcess(ForkedBooter.java:345)
at org.apache.maven.surefire.booter.ForkedBooter.execute(ForkedBooter.java:126)
at org.apache.maven.surefire.booter.ForkedBooter.main(ForkedBooter.java:418)
]]>
    </failure>
  </testcase> <!-- test_a_null_b_normal_positif_c_proche_zero_positif -->
  <system-out/>
  <testcase classname="com.example.TestCases" name="test_a_normal_negatif_b_tres_proche_zero_negatif_c_proche_zero_positif" time="0.952"/>
  <system-out/>
  <testcase classname="com.example.TestCases" name="test_a_null_b_proche_zero_negatif_c_tres_proche_zero_negatif" time="0.477">
    <failure message="arrays first differed at element [0]; expected:&lt;-3.2342246428459196E-7&gt; but was:&lt;-3091931.174947889&gt;" type="org.junit.internal.ArrayComparisonFailure">
      <![CDATA[arrays first differed at element [0]; expected:<-3.2342246428459196E-7> but was:<-3091931.174947889>
at org.junit.internal.ComparisonCriteria.arrayEquals(ComparisonCriteria.java:50)
at org.junit.Assert.assertArrayEquals(Assert.java:419)
at org.junit.Assert.assertArrayEquals(Assert.java:430)
at com.example.TestCases.test_a_null_b_proche_zero_negatif_c_tres_proche_zero_negatif(TestCases.java:216)
at java.base/jdk.internal.reflect.NativeMethodAccessorImpl.invoke0(Native Method)
at java.base/jdk.internal.reflect.NativeMethodAccessorImpl.invoke(NativeMethodAccessorImpl.java:77)
at java.base/jdk.internal.reflect.DelegatingMethodAccessorImpl.invoke(DelegatingMethodAccessorImpl.java:43)
at java.base/java.lang.reflect.Method.invoke(Method.java:568)
at org.junit.runners.model.FrameworkMethod$1.runReflectiveCall(FrameworkMethod.java:47)
at org.junit.internal.runners.model.ReflectiveCallable.run(ReflectiveCallable.java:12)
at org.junit.runners.model.FrameworkMethod.invokeExplosively(FrameworkMethod.java:44)
at org.junit.internal.runners.statements.InvokeMethod.evaluate(InvokeMethod.java:17)
at org.junit.runners.ParentRunner.runLeaf(ParentRunner.java:271)
at org.junit.runners.BlockJUnit4ClassRunner.runChild(BlockJUnit4ClassRunner.java:70)
at org.junit.runners.BlockJUnit4ClassRunner.runChild(BlockJUnit4ClassRunner.java:50)
at org.junit.runners.ParentRunner$3.run(ParentRunner.java:238)
at org.junit.runners.ParentRunner$1.schedule(ParentRunner.java:63)
at org.junit.runners.ParentRunner.runChildren(ParentRunner.java:236)
at org.junit.runners.ParentRunner.access$000(ParentRunner.java:53)
at org.junit.runners.ParentRunner$2.evaluate(ParentRunner.java:229)
at org.junit.runners.ParentRunner.run(ParentRunner.java:309)
at org.junit.runner.JUnitCore.run(JUnitCore.java:160)
at org.junit.runner.JUnitCore.run(JUnitCore.java:138)
at org.testng.junit.JUnit4TestRunner.start(JUnit4TestRunner.java:76)
at org.testng.junit.JUnit4TestRunner.run(JUnit4TestRunner.java:61)
at org.testng.TestRunner$1.run(TestRunner.java:691)
at java.base/java.util.ArrayList.forEach(ArrayList.java:1511)
at org.testng.TestRunner.runJUnitWorkers(TestRunner.java:908)
at org.testng.TestRunner.privateRunJUnit(TestRunner.java:720)
at org.testng.TestRunner.run(TestRunner.java:600)
at org.testng.SuiteRunner.runTest(SuiteRunner.java:437)
at org.testng.SuiteRunner.runSequentially(SuiteRunner.java:431)
at org.testng.SuiteRunner.privateRun(SuiteRunner.java:391)
at org.testng.SuiteRunner.run(SuiteRunner.java:330)
at org.testng.SuiteRunnerWorker.runSuite(SuiteRunnerWorker.java:52)
at org.testng.SuiteRunnerWorker.run(SuiteRunnerWorker.java:95)
at org.testng.TestNG.runSuitesSequentially(TestNG.java:1256)
at org.testng.TestNG.runSuitesLocally(TestNG.java:1176)
at org.testng.TestNG.runSuites(TestNG.java:1099)
at org.testng.TestNG.run(TestNG.java:1067)
at org.apache.maven.surefire.testng.TestNGExecutor.run(TestNGExecutor.java:135)
at org.apache.maven.surefire.testng.TestNGDirectoryTestSuite.executeMulti(TestNGDirectoryTestSuite.java:198)
at org.apache.maven.surefire.testng.TestNGDirectoryTestSuite.execute(TestNGDirectoryTestSuite.java:94)
at org.apache.maven.surefire.testng.TestNGProvider.invoke(TestNGProvider.java:146)
at org.apache.maven.surefire.booter.ForkedBooter.invokeProviderInSameClassLoader(ForkedBooter.java:384)
at org.apache.maven.surefire.booter.ForkedBooter.runSuitesInProcess(ForkedBooter.java:345)
at org.apache.maven.surefire.booter.ForkedBooter.execute(ForkedBooter.java:126)
at org.apache.maven.surefire.booter.ForkedBooter.main(ForkedBooter.java:418)
]]>
    </failure>
  </testcase> <!-- test_a_null_b_proche_zero_negatif_c_tres_proche_zero_negatif -->
  <system-out/>
  <testcase classname="com.example.TestCases" name="test_a_normal_negatif_b_proche_zero_negatif_c_negatif_tres_grand" time="0.834"/>
  <system-out/>
  <testcase classname="com.example.TestCases" name="test_a_positif_tres_grand_b_tres_proche_zero_positif_c_negatif_tres_grand" time="0.867"/>
  <system-out/>
  <testcase classname="com.example.TestCases" name="test_a_negatif_tres_grand_b_positif_tres_grand_c_negatif_tres_grand" time="0.951"/>
  <system-out/>
  <testcase classname="com.example.TestCases" name="test_a_positif_tres_grand_b_proche_zero_negatif_c_tres_proche_zero_negatif" time="0.306"/>
  <system-out/>
  <testcase classname="com.example.TestCases" name="test_a_normal_positif_b_proche_zero_positif_c_tres_proche_zero_positif" time="0.593"/>
  <system-out/>
  <testcase classname="com.example.TestCases" name="test_a_positif_tres_grand_b_positif_tres_grand_c_normal_negatif" time="0.957"/>
  <system-out/>
  <testcase classname="com.example.TestCases" name="test_a_null_b_positif_tres_grand_c_proche_zero_negatif" time="0.807">
    <failure message="arrays first differed at element [0]; expected:&lt;2.4466366339456265E-9&gt; but was:&lt;4.087243631218447E8&gt;" type="org.junit.internal.ArrayComparisonFailure">
      <![CDATA[arrays first differed at element [0]; expected:<2.4466366339456265E-9> but was:<4.087243631218447E8>
at org.junit.internal.ComparisonCriteria.arrayEquals(ComparisonCriteria.java:50)
at org.junit.Assert.assertArrayEquals(Assert.java:419)
at org.junit.Assert.assertArrayEquals(Assert.java:430)
at com.example.TestCases.test_a_null_b_positif_tres_grand_c_proche_zero_negatif(TestCases.java:240)
at java.base/jdk.internal.reflect.NativeMethodAccessorImpl.invoke0(Native Method)
at java.base/jdk.internal.reflect.NativeMethodAccessorImpl.invoke(NativeMethodAccessorImpl.java:77)
at java.base/jdk.internal.reflect.DelegatingMethodAccessorImpl.invoke(DelegatingMethodAccessorImpl.java:43)
at java.base/java.lang.reflect.Method.invoke(Method.java:568)
at org.junit.runners.model.FrameworkMethod$1.runReflectiveCall(FrameworkMethod.java:47)
at org.junit.internal.runners.model.ReflectiveCallable.run(ReflectiveCallable.java:12)
at org.junit.runners.model.FrameworkMethod.invokeExplosively(FrameworkMethod.java:44)
at org.junit.internal.runners.statements.InvokeMethod.evaluate(InvokeMethod.java:17)
at org.junit.runners.ParentRunner.runLeaf(ParentRunner.java:271)
at org.junit.runners.BlockJUnit4ClassRunner.runChild(BlockJUnit4ClassRunner.java:70)
at org.junit.runners.BlockJUnit4ClassRunner.runChild(BlockJUnit4ClassRunner.java:50)
at org.junit.runners.ParentRunner$3.run(ParentRunner.java:238)
at org.junit.runners.ParentRunner$1.schedule(ParentRunner.java:63)
at org.junit.runners.ParentRunner.runChildren(ParentRunner.java:236)
at org.junit.runners.ParentRunner.access$000(ParentRunner.java:53)
at org.junit.runners.ParentRunner$2.evaluate(ParentRunner.java:229)
at org.junit.runners.ParentRunner.run(ParentRunner.java:309)
at org.junit.runner.JUnitCore.run(JUnitCore.java:160)
at org.junit.runner.JUnitCore.run(JUnitCore.java:138)
at org.testng.junit.JUnit4TestRunner.start(JUnit4TestRunner.java:76)
at org.testng.junit.JUnit4TestRunner.run(JUnit4TestRunner.java:61)
at org.testng.TestRunner$1.run(TestRunner.java:691)
at java.base/java.util.ArrayList.forEach(ArrayList.java:1511)
at org.testng.TestRunner.runJUnitWorkers(TestRunner.java:908)
at org.testng.TestRunner.privateRunJUnit(TestRunner.java:720)
at org.testng.TestRunner.run(TestRunner.java:600)
at org.testng.SuiteRunner.runTest(SuiteRunner.java:437)
at org.testng.SuiteRunner.runSequentially(SuiteRunner.java:431)
at org.testng.SuiteRunner.privateRun(SuiteRunner.java:391)
at org.testng.SuiteRunner.run(SuiteRunner.java:330)
at org.testng.SuiteRunnerWorker.runSuite(SuiteRunnerWorker.java:52)
at org.testng.SuiteRunnerWorker.run(SuiteRunnerWorker.java:95)
at org.testng.TestNG.runSuitesSequentially(TestNG.java:1256)
at org.testng.TestNG.runSuitesLocally(TestNG.java:1176)
at org.testng.TestNG.runSuites(TestNG.java:1099)
at org.testng.TestNG.run(TestNG.java:1067)
at org.apache.maven.surefire.testng.TestNGExecutor.run(TestNGExecutor.java:135)
at org.apache.maven.surefire.testng.TestNGDirectoryTestSuite.executeMulti(TestNGDirectoryTestSuite.java:198)
at org.apache.maven.surefire.testng.TestNGDirectoryTestSuite.execute(TestNGDirectoryTestSuite.java:94)
at org.apache.maven.surefire.testng.TestNGProvider.invoke(TestNGProvider.java:146)
at org.apache.maven.surefire.booter.ForkedBooter.invokeProviderInSameClassLoader(ForkedBooter.java:384)
at org.apache.maven.surefire.booter.ForkedBooter.runSuitesInProcess(ForkedBooter.java:345)
at org.apache.maven.surefire.booter.ForkedBooter.execute(ForkedBooter.java:126)
at org.apache.maven.surefire.booter.ForkedBooter.main(ForkedBooter.java:418)
]]>
    </failure>
  </testcase> <!-- test_a_null_b_positif_tres_grand_c_proche_zero_negatif -->
  <system-out/>
  <testcase classname="com.example.TestCases" name="test_a_normal_positif_b_tres_proche_zero_negatif_c_tres_proche_zero_negatif" time="0.505"/>
  <system-out/>
  <testcase classname="com.example.TestCases" name="test_a_negatif_tres_grand_b_tres_proche_zero_positif_c_null" time="0.400"/>
  <system-out/>
  <testcase classname="com.example.TestCases" name="test_a_normal_negatif_b_negatif_tres_grand_c_tres_proche_zero_positif" time="0.990"/>
  <system-out/>
  <testcase classname="com.example.TestCases" name="test_a_null_b_null_c_negatif_tres_grand" time="0.898">
    <failure message="arrays first differed at element [0]; expected:&lt;Infinity&gt; but was:&lt;0.0&gt;" type="org.junit.internal.ArrayComparisonFailure">
      <![CDATA[arrays first differed at element [0]; expected:<Infinity> but was:<0.0>
at org.junit.internal.ComparisonCriteria.arrayEquals(ComparisonCriteria.java:50)
at org.junit.Assert.assertArrayEquals(Assert.java:419)
at org.junit.Assert.assertArrayEquals(Assert.java:430)
at com.example.TestCases.test_a_null_b_null_c_negatif_tres_grand(TestCases.java:128)
at java.base/jdk.internal.reflect.NativeMethodAccessorImpl.invoke0(Native Method)
at java.base/jdk.internal.reflect.NativeMethodAccessorImpl.invoke(NativeMethodAccessorImpl.java:77)
at java.base/jdk.internal.reflect.DelegatingMethodAccessorImpl.invoke(DelegatingMethodAccessorImpl.java:43)
at java.base/java.lang.reflect.Method.invoke(Method.java:568)
at org.junit.runners.model.FrameworkMethod$1.runReflectiveCall(FrameworkMethod.java:47)
at org.junit.internal.runners.model.ReflectiveCallable.run(ReflectiveCallable.java:12)
at org.junit.runners.model.FrameworkMethod.invokeExplosively(FrameworkMethod.java:44)
at org.junit.internal.runners.statements.InvokeMethod.evaluate(InvokeMethod.java:17)
at org.junit.runners.ParentRunner.runLeaf(ParentRunner.java:271)
at org.junit.runners.BlockJUnit4ClassRunner.runChild(BlockJUnit4ClassRunner.java:70)
at org.junit.runners.BlockJUnit4ClassRunner.runChild(BlockJUnit4ClassRunner.java:50)
at org.junit.runners.ParentRunner$3.run(ParentRunner.java:238)
at org.junit.runners.ParentRunner$1.schedule(ParentRunner.java:63)
at org.junit.runners.ParentRunner.runChildren(ParentRunner.java:236)
at org.junit.runners.ParentRunner.access$000(ParentRunner.java:53)
at org.junit.runners.ParentRunner$2.evaluate(ParentRunner.java:229)
at org.junit.runners.ParentRunner.run(ParentRunner.java:309)
at org.junit.runner.JUnitCore.run(JUnitCore.java:160)
at org.junit.runner.JUnitCore.run(JUnitCore.java:138)
at org.testng.junit.JUnit4TestRunner.start(JUnit4TestRunner.java:76)
at org.testng.junit.JUnit4TestRunner.run(JUnit4TestRunner.java:61)
at org.testng.TestRunner$1.run(TestRunner.java:691)
at java.base/java.util.ArrayList.forEach(ArrayList.java:1511)
at org.testng.TestRunner.runJUnitWorkers(TestRunner.java:908)
at org.testng.TestRunner.privateRunJUnit(TestRunner.java:720)
at org.testng.TestRunner.run(TestRunner.java:600)
at org.testng.SuiteRunner.runTest(SuiteRunner.java:437)
at org.testng.SuiteRunner.runSequentially(SuiteRunner.java:431)
at org.testng.SuiteRunner.privateRun(SuiteRunner.java:391)
at org.testng.SuiteRunner.run(SuiteRunner.java:330)
at org.testng.SuiteRunnerWorker.runSuite(SuiteRunnerWorker.java:52)
at org.testng.SuiteRunnerWorker.run(SuiteRunnerWorker.java:95)
at org.testng.TestNG.runSuitesSequentially(TestNG.java:1256)
at org.testng.TestNG.runSuitesLocally(TestNG.java:1176)
at org.testng.TestNG.runSuites(TestNG.java:1099)
at org.testng.TestNG.run(TestNG.java:1067)
at org.apache.maven.surefire.testng.TestNGExecutor.run(TestNGExecutor.java:135)
at org.apache.maven.surefire.testng.TestNGDirectoryTestSuite.executeMulti(TestNGDirectoryTestSuite.java:198)
at org.apache.maven.surefire.testng.TestNGDirectoryTestSuite.execute(TestNGDirectoryTestSuite.java:94)
at org.apache.maven.surefire.testng.TestNGProvider.invoke(TestNGProvider.java:146)
at org.apache.maven.surefire.booter.ForkedBooter.invokeProviderInSameClassLoader(ForkedBooter.java:384)
at org.apache.maven.surefire.booter.ForkedBooter.runSuitesInProcess(ForkedBooter.java:345)
at org.apache.maven.surefire.booter.ForkedBooter.execute(ForkedBooter.java:126)
at org.apache.maven.surefire.booter.ForkedBooter.main(ForkedBooter.java:418)
]]>
    </failure>
  </testcase> <!-- test_a_null_b_null_c_negatif_tres_grand -->
  <system-out/>
  <testcase classname="com.example.TestCases" name="test_a_tres_proche_zero_negatif_b_tres_proche_zero_positif_c_tres_proche_zero_positif" time="0.209"/>
  <system-out/>
  <testcase classname="com.example.TestCases" name="test_a_normal_negatif_b_null_c_normal_negatif" time="0.830"/>
  <system-out/>
  <testcase classname="com.example.TestCases" name="test_a_negatif_tres_grand_b_tres_proche_zero_negatif_c_proche_zero_negatif" time="0.965"/>
  <system-out/>
  <testcase classname="com.example.TestCases" name="test_a_positif_tres_grand_b_normal_positif_c_negatif_tres_grand" time="0.364"/>
  <system-out/>
  <testcase classname="com.example.TestCases" name="test_a_tres_proche_zero_positif_b_proche_zero_negatif_c_normal_negatif" time="0.847"/>
  <system-out/>
  <testcase classname="com.example.TestCases" name="test_a_normal_negatif_b_normal_negatif_c_tres_proche_zero_negatif" time="0.216"/>
  <system-out/>
  <testcase classname="com.example.TestCases" name="test_a_null_b_negatif_tres_grand_c_tres_proche_zero_positif" time="0.931">
    <failure message="arrays first differed at element [0]; expected:&lt;1.6806347941034085E-15&gt; but was:&lt;5.950132673133689E14&gt;" type="org.junit.internal.ArrayComparisonFailure">
      <![CDATA[arrays first differed at element [0]; expected:<1.6806347941034085E-15> but was:<5.950132673133689E14>
at org.junit.internal.ComparisonCriteria.arrayEquals(ComparisonCriteria.java:50)
at org.junit.Assert.assertArrayEquals(Assert.java:419)
at org.junit.Assert.assertArrayEquals(Assert.java:430)
at com.example.TestCases.test_a_null_b_negatif_tres_grand_c_tres_proche_zero_positif(TestCases.java:248)
at java.base/jdk.internal.reflect.NativeMethodAccessorImpl.invoke0(Native Method)
at java.base/jdk.internal.reflect.NativeMethodAccessorImpl.invoke(NativeMethodAccessorImpl.java:77)
at java.base/jdk.internal.reflect.DelegatingMethodAccessorImpl.invoke(DelegatingMethodAccessorImpl.java:43)
at java.base/java.lang.reflect.Method.invoke(Method.java:568)
at org.junit.runners.model.FrameworkMethod$1.runReflectiveCall(FrameworkMethod.java:47)
at org.junit.internal.runners.model.ReflectiveCallable.run(ReflectiveCallable.java:12)
at org.junit.runners.model.FrameworkMethod.invokeExplosively(FrameworkMethod.java:44)
at org.junit.internal.runners.statements.InvokeMethod.evaluate(InvokeMethod.java:17)
at org.junit.runners.ParentRunner.runLeaf(ParentRunner.java:271)
at org.junit.runners.BlockJUnit4ClassRunner.runChild(BlockJUnit4ClassRunner.java:70)
at org.junit.runners.BlockJUnit4ClassRunner.runChild(BlockJUnit4ClassRunner.java:50)
at org.junit.runners.ParentRunner$3.run(ParentRunner.java:238)
at org.junit.runners.ParentRunner$1.schedule(ParentRunner.java:63)
at org.junit.runners.ParentRunner.runChildren(ParentRunner.java:236)
at org.junit.runners.ParentRunner.access$000(ParentRunner.java:53)
at org.junit.runners.ParentRunner$2.evaluate(ParentRunner.java:229)
at org.junit.runners.ParentRunner.run(ParentRunner.java:309)
at org.junit.runner.JUnitCore.run(JUnitCore.java:160)
at org.junit.runner.JUnitCore.run(JUnitCore.java:138)
at org.testng.junit.JUnit4TestRunner.start(JUnit4TestRunner.java:76)
at org.testng.junit.JUnit4TestRunner.run(JUnit4TestRunner.java:61)
at org.testng.TestRunner$1.run(TestRunner.java:691)
at java.base/java.util.ArrayList.forEach(ArrayList.java:1511)
at org.testng.TestRunner.runJUnitWorkers(TestRunner.java:908)
at org.testng.TestRunner.privateRunJUnit(TestRunner.java:720)
at org.testng.TestRunner.run(TestRunner.java:600)
at org.testng.SuiteRunner.runTest(SuiteRunner.java:437)
at org.testng.SuiteRunner.runSequentially(SuiteRunner.java:431)
at org.testng.SuiteRunner.privateRun(SuiteRunner.java:391)
at org.testng.SuiteRunner.run(SuiteRunner.java:330)
at org.testng.SuiteRunnerWorker.runSuite(SuiteRunnerWorker.java:52)
at org.testng.SuiteRunnerWorker.run(SuiteRunnerWorker.java:95)
at org.testng.TestNG.runSuitesSequentially(TestNG.java:1256)
at org.testng.TestNG.runSuitesLocally(TestNG.java:1176)
at org.testng.TestNG.runSuites(TestNG.java:1099)
at org.testng.TestNG.run(TestNG.java:1067)
at org.apache.maven.surefire.testng.TestNGExecutor.run(TestNGExecutor.java:135)
at org.apache.maven.surefire.testng.TestNGDirectoryTestSuite.executeMulti(TestNGDirectoryTestSuite.java:198)
at org.apache.maven.surefire.testng.TestNGDirectoryTestSuite.execute(TestNGDirectoryTestSuite.java:94)
at org.apache.maven.surefire.testng.TestNGProvider.invoke(TestNGProvider.java:146)
at org.apache.maven.surefire.booter.ForkedBooter.invokeProviderInSameClassLoader(ForkedBooter.java:384)
at org.apache.maven.surefire.booter.ForkedBooter.runSuitesInProcess(ForkedBooter.java:345)
at org.apache.maven.surefire.booter.ForkedBooter.execute(ForkedBooter.java:126)
at org.apache.maven.surefire.booter.ForkedBooter.main(ForkedBooter.java:418)
]]>
    </failure>
  </testcase> <!-- test_a_null_b_negatif_tres_grand_c_tres_proche_zero_positif -->
  <system-out/>
  <testcase classname="com.example.TestCases" name="test_a_normal_positif_b_null_c_normal_positif" time="0.926"/>
  <system-out/>
  <testcase classname="com.example.TestCases" name="test_a_tres_proche_zero_positif_b_tres_proche_zero_negatif_c_positif_tres_grand" time="0.981"/>
  <system-out/>
  <testcase classname="com.example.TestCases" name="test_a_tres_proche_zero_negatif_b_normal_positif_c_normal_positif" time="0.975"/>
  <system-out/>
  <testcase classname="com.example.TestCases" name="test_a_positif_tres_grand_b_tres_proche_zero_negatif_c_proche_zero_negatif" time="0.637"/>
  <system-out/>
  <testcase classname="com.example.TestCases" name="test_a_normal_positif_b_normal_negatif_c_null" time="0.728"/>
  <system-out/>
  <testcase classname="com.example.TestCases" name="test_a_null_b_normal_negatif_c_positif_tres_grand" time="0.943">
    <failure message="arrays first differed at element [0]; expected:&lt;1026975.7894841089&gt; but was:&lt;9.737327892630653E-7&gt;" type="org.junit.internal.ArrayComparisonFailure">
      <![CDATA[arrays first differed at element [0]; expected:<1026975.7894841089> but was:<9.737327892630653E-7>
at org.junit.internal.ComparisonCriteria.arrayEquals(ComparisonCriteria.java:50)
at org.junit.Assert.assertArrayEquals(Assert.java:419)
at org.junit.Assert.assertArrayEquals(Assert.java:430)
at com.example.TestCases.test_a_null_b_normal_negatif_c_positif_tres_grand(TestCases.java:232)
at java.base/jdk.internal.reflect.NativeMethodAccessorImpl.invoke0(Native Method)
at java.base/jdk.internal.reflect.NativeMethodAccessorImpl.invoke(NativeMethodAccessorImpl.java:77)
at java.base/jdk.internal.reflect.DelegatingMethodAccessorImpl.invoke(DelegatingMethodAccessorImpl.java:43)
at java.base/java.lang.reflect.Method.invoke(Method.java:568)
at org.junit.runners.model.FrameworkMethod$1.runReflectiveCall(FrameworkMethod.java:47)
at org.junit.internal.runners.model.ReflectiveCallable.run(ReflectiveCallable.java:12)
at org.junit.runners.model.FrameworkMethod.invokeExplosively(FrameworkMethod.java:44)
at org.junit.internal.runners.statements.InvokeMethod.evaluate(InvokeMethod.java:17)
at org.junit.runners.ParentRunner.runLeaf(ParentRunner.java:271)
at org.junit.runners.BlockJUnit4ClassRunner.runChild(BlockJUnit4ClassRunner.java:70)
at org.junit.runners.BlockJUnit4ClassRunner.runChild(BlockJUnit4ClassRunner.java:50)
at org.junit.runners.ParentRunner$3.run(ParentRunner.java:238)
at org.junit.runners.ParentRunner$1.schedule(ParentRunner.java:63)
at org.junit.runners.ParentRunner.runChildren(ParentRunner.java:236)
at org.junit.runners.ParentRunner.access$000(ParentRunner.java:53)
at org.junit.runners.ParentRunner$2.evaluate(ParentRunner.java:229)
at org.junit.runners.ParentRunner.run(ParentRunner.java:309)
at org.junit.runner.JUnitCore.run(JUnitCore.java:160)
at org.junit.runner.JUnitCore.run(JUnitCore.java:138)
at org.testng.junit.JUnit4TestRunner.start(JUnit4TestRunner.java:76)
at org.testng.junit.JUnit4TestRunner.run(JUnit4TestRunner.java:61)
at org.testng.TestRunner$1.run(TestRunner.java:691)
at java.base/java.util.ArrayList.forEach(ArrayList.java:1511)
at org.testng.TestRunner.runJUnitWorkers(TestRunner.java:908)
at org.testng.TestRunner.privateRunJUnit(TestRunner.java:720)
at org.testng.TestRunner.run(TestRunner.java:600)
at org.testng.SuiteRunner.runTest(SuiteRunner.java:437)
at org.testng.SuiteRunner.runSequentially(SuiteRunner.java:431)
at org.testng.SuiteRunner.privateRun(SuiteRunner.java:391)
at org.testng.SuiteRunner.run(SuiteRunner.java:330)
at org.testng.SuiteRunnerWorker.runSuite(SuiteRunnerWorker.java:52)
at org.testng.SuiteRunnerWorker.run(SuiteRunnerWorker.java:95)
at org.testng.TestNG.runSuitesSequentially(TestNG.java:1256)
at org.testng.TestNG.runSuitesLocally(TestNG.java:1176)
at org.testng.TestNG.runSuites(TestNG.java:1099)
at org.testng.TestNG.run(TestNG.java:1067)
at org.apache.maven.surefire.testng.TestNGExecutor.run(TestNGExecutor.java:135)
at org.apache.maven.surefire.testng.TestNGDirectoryTestSuite.executeMulti(TestNGDirectoryTestSuite.java:198)
at org.apache.maven.surefire.testng.TestNGDirectoryTestSuite.execute(TestNGDirectoryTestSuite.java:94)
at org.apache.maven.surefire.testng.TestNGProvider.invoke(TestNGProvider.java:146)
at org.apache.maven.surefire.booter.ForkedBooter.invokeProviderInSameClassLoader(ForkedBooter.java:384)
at org.apache.maven.surefire.booter.ForkedBooter.runSuitesInProcess(ForkedBooter.java:345)
at org.apache.maven.surefire.booter.ForkedBooter.execute(ForkedBooter.java:126)
at org.apache.maven.surefire.booter.ForkedBooter.main(ForkedBooter.java:418)
]]>
    </failure>
  </testcase> <!-- test_a_null_b_normal_negatif_c_positif_tres_grand -->
  <system-out/>
  <testcase classname="com.example.TestCases" name="test_a_proche_zero_positif_b_positif_tres_grand_c_normal_positif" time="0.829"/>
  <system-out/>
  <testcase classname="com.example.TestCases" name="test_a_null_b_proche_zero_positif_c_null" time="0.937">
    <failure message="arrays first differed at element [0]; expected:&lt;-0.0&gt; but was:&lt;-Infinity&gt;" type="org.junit.internal.ArrayComparisonFailure">
      <![CDATA[arrays first differed at element [0]; expected:<-0.0> but was:<-Infinity>
at org.junit.internal.ComparisonCriteria.arrayEquals(ComparisonCriteria.java:50)
at org.junit.Assert.assertArrayEquals(Assert.java:419)
at org.junit.Assert.assertArrayEquals(Assert.java:430)
at com.example.TestCases.test_a_null_b_proche_zero_positif_c_null(TestCases.java:56)
at java.base/jdk.internal.reflect.NativeMethodAccessorImpl.invoke0(Native Method)
at java.base/jdk.internal.reflect.NativeMethodAccessorImpl.invoke(NativeMethodAccessorImpl.java:77)
at java.base/jdk.internal.reflect.DelegatingMethodAccessorImpl.invoke(DelegatingMethodAccessorImpl.java:43)
at java.base/java.lang.reflect.Method.invoke(Method.java:568)
at org.junit.runners.model.FrameworkMethod$1.runReflectiveCall(FrameworkMethod.java:47)
at org.junit.internal.runners.model.ReflectiveCallable.run(ReflectiveCallable.java:12)
at org.junit.runners.model.FrameworkMethod.invokeExplosively(FrameworkMethod.java:44)
at org.junit.internal.runners.statements.InvokeMethod.evaluate(InvokeMethod.java:17)
at org.junit.runners.ParentRunner.runLeaf(ParentRunner.java:271)
at org.junit.runners.BlockJUnit4ClassRunner.runChild(BlockJUnit4ClassRunner.java:70)
at org.junit.runners.BlockJUnit4ClassRunner.runChild(BlockJUnit4ClassRunner.java:50)
at org.junit.runners.ParentRunner$3.run(ParentRunner.java:238)
at org.junit.runners.ParentRunner$1.schedule(ParentRunner.java:63)
at org.junit.runners.ParentRunner.runChildren(ParentRunner.java:236)
at org.junit.runners.ParentRunner.access$000(ParentRunner.java:53)
at org.junit.runners.ParentRunner$2.evaluate(ParentRunner.java:229)
at org.junit.runners.ParentRunner.run(ParentRunner.java:309)
at org.junit.runner.JUnitCore.run(JUnitCore.java:160)
at org.junit.runner.JUnitCore.run(JUnitCore.java:138)
at org.testng.junit.JUnit4TestRunner.start(JUnit4TestRunner.java:76)
at org.testng.junit.JUnit4TestRunner.run(JUnit4TestRunner.java:61)
at org.testng.TestRunner$1.run(TestRunner.java:691)
at java.base/java.util.ArrayList.forEach(ArrayList.java:1511)
at org.testng.TestRunner.runJUnitWorkers(TestRunner.java:908)
at org.testng.TestRunner.privateRunJUnit(TestRunner.java:720)
at org.testng.TestRunner.run(TestRunner.java:600)
at org.testng.SuiteRunner.runTest(SuiteRunner.java:437)
at org.testng.SuiteRunner.runSequentially(SuiteRunner.java:431)
at org.testng.SuiteRunner.privateRun(SuiteRunner.java:391)
at org.testng.SuiteRunner.run(SuiteRunner.java:330)
at org.testng.SuiteRunnerWorker.runSuite(SuiteRunnerWorker.java:52)
at org.testng.SuiteRunnerWorker.run(SuiteRunnerWorker.java:95)
at org.testng.TestNG.runSuitesSequentially(TestNG.java:1256)
at org.testng.TestNG.runSuitesLocally(TestNG.java:1176)
at org.testng.TestNG.runSuites(TestNG.java:1099)
at org.testng.TestNG.run(TestNG.java:1067)
at org.apache.maven.surefire.testng.TestNGExecutor.run(TestNGExecutor.java:135)
at org.apache.maven.surefire.testng.TestNGDirectoryTestSuite.executeMulti(TestNGDirectoryTestSuite.java:198)
at org.apache.maven.surefire.testng.TestNGDirectoryTestSuite.execute(TestNGDirectoryTestSuite.java:94)
at org.apache.maven.surefire.testng.TestNGProvider.invoke(TestNGProvider.java:146)
at org.apache.maven.surefire.booter.ForkedBooter.invokeProviderInSameClassLoader(ForkedBooter.java:384)
at org.apache.maven.surefire.booter.ForkedBooter.runSuitesInProcess(ForkedBooter.java:345)
at org.apache.maven.surefire.booter.ForkedBooter.execute(ForkedBooter.java:126)
at org.apache.maven.surefire.booter.ForkedBooter.main(ForkedBooter.java:418)
]]>
    </failure>
  </testcase> <!-- test_a_null_b_proche_zero_positif_c_null -->
  <system-out/>
</testsuite> <!-- com.example.TestCases -->
